\BOOKMARK [1][-]{section.1}{Introduction}{}% 1
\BOOKMARK [1][-]{section.2}{Experimental Setup}{}% 2
\BOOKMARK [2][-]{subsection.2.1}{Camera Setup}{section.2}% 3
\BOOKMARK [2][-]{subsection.2.2}{Audio Setup}{section.2}% 4
\BOOKMARK [2][-]{subsection.2.3}{Robot}{section.2}% 5
\BOOKMARK [1][-]{section.3}{Visual Localisation}{}% 6
\BOOKMARK [2][-]{subsection.3.1}{Intrinsic Calibration}{section.3}% 7
\BOOKMARK [2][-]{subsection.3.2}{Image Processing}{section.3}% 8
\BOOKMARK [2][-]{subsection.3.3}{Extrinsic Calibration}{section.3}% 9
\BOOKMARK [3][-]{subsubsection.3.3.1}{Reference points}{subsection.3.3}% 10
\BOOKMARK [2][-]{subsection.3.4}{Triangulation}{section.3}% 11
\BOOKMARK [2][-]{subsection.3.5}{Experimental Results}{section.3}% 12
\BOOKMARK [3][-]{subsubsection.3.5.1}{Performance measure}{subsection.3.5}% 13
\BOOKMARK [3][-]{subsubsection.3.5.2}{Reference frames}{subsection.3.5}% 14
\BOOKMARK [3][-]{subsubsection.3.5.3}{Atrium}{subsection.3.5}% 15
\BOOKMARK [3][-]{subsubsection.3.5.4}{BC329 with reference points}{subsection.3.5}% 16
\BOOKMARK [3][-]{subsubsection.3.5.5}{BC329 with checkerboard}{subsection.3.5}% 17
\BOOKMARK [1][-]{section.4}{Echo-SLAM}{}% 18
\BOOKMARK [2][-]{subsection.4.1}{Sine Sweep Generation}{section.4}% 19
\BOOKMARK [2][-]{subsection.4.2}{Recording}{section.4}% 20
\BOOKMARK [2][-]{subsection.4.3}{Experimental Results}{section.4}% 21
\BOOKMARK [3][-]{subsubsection.4.3.1}{Calibration}{subsection.4.3}% 22
\BOOKMARK [3][-]{subsubsection.4.3.2}{Echo SLAM}{subsection.4.3}% 23
\BOOKMARK [1][-]{section.5}{Robot movement}{}% 24
\BOOKMARK [2][-]{subsection.5.1}{Control}{section.5}% 25
\BOOKMARK [2][-]{subsection.5.2}{Odometry}{section.5}% 26
