This is pdfTeX, Version 3.1415926-2.4-1.40.13 (TeX Live 2012) (format=pdflatex 2012.7.25)  12 JAN 2016 00:39
entering extended mode
 restricted \write18 enabled.
 file:line:error style messages enabled.
 %&-line parsing enabled.
**report.tex
(./report.tex
LaTeX2e <2011/06/27>
Babel <v3.8m> and hyphenation patterns for english, dumylang, nohyphenation, ge
rman-x-2012-05-30, ngerman-x-2012-05-30, afrikaans, ancientgreek, ibycus, arabi
c, armenian, basque, bulgarian, catalan, pinyin, coptic, croatian, czech, danis
h, dutch, ukenglish, usenglishmax, esperanto, estonian, ethiopic, farsi, finnis
h, french, friulan, galician, german, ngerman, swissgerman, monogreek, greek, h
ungarian, icelandic, assamese, bengali, gujarati, hindi, kannada, malayalam, ma
rathi, oriya, panjabi, tamil, telugu, indonesian, interlingua, irish, italian, 
kurmanji, latin, latvian, lithuanian, mongolian, mongolianlmc, bokmal, nynorsk,
 polish, portuguese, romanian, romansh, russian, sanskrit, serbian, serbianc, s
lovak, slovenian, spanish, swedish, turkish, turkmen, ukrainian, uppersorbian, 
welsh, loaded.
(./flex.cls
Document Class: flex 
(/usr/local/texlive/2012/texmf-dist/tex/latex/base/article.cls
Document Class: article 2007/10/19 v1.4h Standard LaTeX document class
(/usr/local/texlive/2012/texmf-dist/tex/latex/base/size11.clo
File: size11.clo 2007/10/19 v1.4h Standard LaTeX file (size option)
)
\c@part=\count79
\c@section=\count80
\c@subsection=\count81
\c@subsubsection=\count82
\c@paragraph=\count83
\c@subparagraph=\count84
\c@figure=\count85
\c@table=\count86
\abovecaptionskip=\skip41
\belowcaptionskip=\skip42
\bibindent=\dimen102
)
(/usr/local/texlive/2012/texmf-dist/tex/latex/base/inputenc.sty
Package: inputenc 2008/03/30 v1.1d Input encoding file
\inpenc@prehook=\toks14
\inpenc@posthook=\toks15

(/usr/local/texlive/2012/texmf-dist/tex/latex/base/utf8.def
File: utf8.def 2008/04/05 v1.1m UTF-8 support for inputenc
Now handling font encoding OML ...
... no UTF-8 mapping file for font encoding OML
Now handling font encoding T1 ...
... processing UTF-8 mapping file for font encoding T1

(/usr/local/texlive/2012/texmf-dist/tex/latex/base/t1enc.dfu
File: t1enc.dfu 2008/04/05 v1.1m UTF-8 support for inputenc
   defining Unicode char U+00A1 (decimal 161)
   defining Unicode char U+00A3 (decimal 163)
   defining Unicode char U+00AB (decimal 171)
   defining Unicode char U+00BB (decimal 187)
   defining Unicode char U+00BF (decimal 191)
   defining Unicode char U+00C0 (decimal 192)
   defining Unicode char U+00C1 (decimal 193)
   defining Unicode char U+00C2 (decimal 194)
   defining Unicode char U+00C3 (decimal 195)
   defining Unicode char U+00C4 (decimal 196)
   defining Unicode char U+00C5 (decimal 197)
   defining Unicode char U+00C6 (decimal 198)
   defining Unicode char U+00C7 (decimal 199)
   defining Unicode char U+00C8 (decimal 200)
   defining Unicode char U+00C9 (decimal 201)
   defining Unicode char U+00CA (decimal 202)
   defining Unicode char U+00CB (decimal 203)
   defining Unicode char U+00CC (decimal 204)
   defining Unicode char U+00CD (decimal 205)
   defining Unicode char U+00CE (decimal 206)
   defining Unicode char U+00CF (decimal 207)
   defining Unicode char U+00D0 (decimal 208)
   defining Unicode char U+00D1 (decimal 209)
   defining Unicode char U+00D2 (decimal 210)
   defining Unicode char U+00D3 (decimal 211)
   defining Unicode char U+00D4 (decimal 212)
   defining Unicode char U+00D5 (decimal 213)
   defining Unicode char U+00D6 (decimal 214)
   defining Unicode char U+00D8 (decimal 216)
   defining Unicode char U+00D9 (decimal 217)
   defining Unicode char U+00DA (decimal 218)
   defining Unicode char U+00DB (decimal 219)
   defining Unicode char U+00DC (decimal 220)
   defining Unicode char U+00DD (decimal 221)
   defining Unicode char U+00DE (decimal 222)
   defining Unicode char U+00DF (decimal 223)
   defining Unicode char U+00E0 (decimal 224)
   defining Unicode char U+00E1 (decimal 225)
   defining Unicode char U+00E2 (decimal 226)
   defining Unicode char U+00E3 (decimal 227)
   defining Unicode char U+00E4 (decimal 228)
   defining Unicode char U+00E5 (decimal 229)
   defining Unicode char U+00E6 (decimal 230)
   defining Unicode char U+00E7 (decimal 231)
   defining Unicode char U+00E8 (decimal 232)
   defining Unicode char U+00E9 (decimal 233)
   defining Unicode char U+00EA (decimal 234)
   defining Unicode char U+00EB (decimal 235)
   defining Unicode char U+00EC (decimal 236)
   defining Unicode char U+00ED (decimal 237)
   defining Unicode char U+00EE (decimal 238)
   defining Unicode char U+00EF (decimal 239)
   defining Unicode char U+00F0 (decimal 240)
   defining Unicode char U+00F1 (decimal 241)
   defining Unicode char U+00F2 (decimal 242)
   defining Unicode char U+00F3 (decimal 243)
   defining Unicode char U+00F4 (decimal 244)
   defining Unicode char U+00F5 (decimal 245)
   defining Unicode char U+00F6 (decimal 246)
   defining Unicode char U+00F8 (decimal 248)
   defining Unicode char U+00F9 (decimal 249)
   defining Unicode char U+00FA (decimal 250)
   defining Unicode char U+00FB (decimal 251)
   defining Unicode char U+00FC (decimal 252)
   defining Unicode char U+00FD (decimal 253)
   defining Unicode char U+00FE (decimal 254)
   defining Unicode char U+00FF (decimal 255)
   defining Unicode char U+0102 (decimal 258)
   defining Unicode char U+0103 (decimal 259)
   defining Unicode char U+0104 (decimal 260)
   defining Unicode char U+0105 (decimal 261)
   defining Unicode char U+0106 (decimal 262)
   defining Unicode char U+0107 (decimal 263)
   defining Unicode char U+010C (decimal 268)
   defining Unicode char U+010D (decimal 269)
   defining Unicode char U+010E (decimal 270)
   defining Unicode char U+010F (decimal 271)
   defining Unicode char U+0110 (decimal 272)
   defining Unicode char U+0111 (decimal 273)
   defining Unicode char U+0118 (decimal 280)
   defining Unicode char U+0119 (decimal 281)
   defining Unicode char U+011A (decimal 282)
   defining Unicode char U+011B (decimal 283)
   defining Unicode char U+011E (decimal 286)
   defining Unicode char U+011F (decimal 287)
   defining Unicode char U+0130 (decimal 304)
   defining Unicode char U+0131 (decimal 305)
   defining Unicode char U+0132 (decimal 306)
   defining Unicode char U+0133 (decimal 307)
   defining Unicode char U+0139 (decimal 313)
   defining Unicode char U+013A (decimal 314)
   defining Unicode char U+013D (decimal 317)
   defining Unicode char U+013E (decimal 318)
   defining Unicode char U+0141 (decimal 321)
   defining Unicode char U+0142 (decimal 322)
   defining Unicode char U+0143 (decimal 323)
   defining Unicode char U+0144 (decimal 324)
   defining Unicode char U+0147 (decimal 327)
   defining Unicode char U+0148 (decimal 328)
   defining Unicode char U+014A (decimal 330)
   defining Unicode char U+014B (decimal 331)
   defining Unicode char U+0150 (decimal 336)
   defining Unicode char U+0151 (decimal 337)
   defining Unicode char U+0152 (decimal 338)
   defining Unicode char U+0153 (decimal 339)
   defining Unicode char U+0154 (decimal 340)
   defining Unicode char U+0155 (decimal 341)
   defining Unicode char U+0158 (decimal 344)
   defining Unicode char U+0159 (decimal 345)
   defining Unicode char U+015A (decimal 346)
   defining Unicode char U+015B (decimal 347)
   defining Unicode char U+015E (decimal 350)
   defining Unicode char U+015F (decimal 351)
   defining Unicode char U+0160 (decimal 352)
   defining Unicode char U+0161 (decimal 353)
   defining Unicode char U+0162 (decimal 354)
   defining Unicode char U+0163 (decimal 355)
   defining Unicode char U+0164 (decimal 356)
   defining Unicode char U+0165 (decimal 357)
   defining Unicode char U+016E (decimal 366)
   defining Unicode char U+016F (decimal 367)
   defining Unicode char U+0170 (decimal 368)
   defining Unicode char U+0171 (decimal 369)
   defining Unicode char U+0178 (decimal 376)
   defining Unicode char U+0179 (decimal 377)
   defining Unicode char U+017A (decimal 378)
   defining Unicode char U+017B (decimal 379)
   defining Unicode char U+017C (decimal 380)
   defining Unicode char U+017D (decimal 381)
   defining Unicode char U+017E (decimal 382)
   defining Unicode char U+200C (decimal 8204)
   defining Unicode char U+2013 (decimal 8211)
   defining Unicode char U+2014 (decimal 8212)
   defining Unicode char U+2018 (decimal 8216)
   defining Unicode char U+2019 (decimal 8217)
   defining Unicode char U+201A (decimal 8218)
   defining Unicode char U+201C (decimal 8220)
   defining Unicode char U+201D (decimal 8221)
   defining Unicode char U+201E (decimal 8222)
   defining Unicode char U+2030 (decimal 8240)
   defining Unicode char U+2031 (decimal 8241)
   defining Unicode char U+2039 (decimal 8249)
   defining Unicode char U+203A (decimal 8250)
   defining Unicode char U+2423 (decimal 9251)
)
Now handling font encoding OT1 ...
... processing UTF-8 mapping file for font encoding OT1

(/usr/local/texlive/2012/texmf-dist/tex/latex/base/ot1enc.dfu
File: ot1enc.dfu 2008/04/05 v1.1m UTF-8 support for inputenc
   defining Unicode char U+00A1 (decimal 161)
   defining Unicode char U+00A3 (decimal 163)
   defining Unicode char U+00B8 (decimal 184)
   defining Unicode char U+00BF (decimal 191)
   defining Unicode char U+00C5 (decimal 197)
   defining Unicode char U+00C6 (decimal 198)
   defining Unicode char U+00D8 (decimal 216)
   defining Unicode char U+00DF (decimal 223)
   defining Unicode char U+00E6 (decimal 230)
   defining Unicode char U+00EC (decimal 236)
   defining Unicode char U+00ED (decimal 237)
   defining Unicode char U+00EE (decimal 238)
   defining Unicode char U+00EF (decimal 239)
   defining Unicode char U+00F8 (decimal 248)
   defining Unicode char U+0131 (decimal 305)
   defining Unicode char U+0141 (decimal 321)
   defining Unicode char U+0142 (decimal 322)
   defining Unicode char U+0152 (decimal 338)
   defining Unicode char U+0153 (decimal 339)
   defining Unicode char U+2013 (decimal 8211)
   defining Unicode char U+2014 (decimal 8212)
   defining Unicode char U+2018 (decimal 8216)
   defining Unicode char U+2019 (decimal 8217)
   defining Unicode char U+201C (decimal 8220)
   defining Unicode char U+201D (decimal 8221)
)
Now handling font encoding OMS ...
... processing UTF-8 mapping file for font encoding OMS

(/usr/local/texlive/2012/texmf-dist/tex/latex/base/omsenc.dfu
File: omsenc.dfu 2008/04/05 v1.1m UTF-8 support for inputenc
   defining Unicode char U+00A7 (decimal 167)
   defining Unicode char U+00B6 (decimal 182)
   defining Unicode char U+00B7 (decimal 183)
   defining Unicode char U+2020 (decimal 8224)
   defining Unicode char U+2021 (decimal 8225)
   defining Unicode char U+2022 (decimal 8226)
)
Now handling font encoding OMX ...
... no UTF-8 mapping file for font encoding OMX
Now handling font encoding U ...
... no UTF-8 mapping file for font encoding U
   defining Unicode char U+00A9 (decimal 169)
   defining Unicode char U+00AA (decimal 170)
   defining Unicode char U+00AE (decimal 174)
   defining Unicode char U+00BA (decimal 186)
   defining Unicode char U+02C6 (decimal 710)
   defining Unicode char U+02DC (decimal 732)
   defining Unicode char U+200C (decimal 8204)
   defining Unicode char U+2026 (decimal 8230)
   defining Unicode char U+2122 (decimal 8482)
   defining Unicode char U+2423 (decimal 9251)
))
(/usr/local/texlive/2012/texmf-dist/tex/latex/lm/lmodern.sty
Package: lmodern 2009/10/30 v1.6 Latin Modern Fonts
LaTeX Font Info:    Overwriting symbol font `operators' in version `normal'
(Font)                  OT1/cmr/m/n --> OT1/lmr/m/n on input line 22.
LaTeX Font Info:    Overwriting symbol font `letters' in version `normal'
(Font)                  OML/cmm/m/it --> OML/lmm/m/it on input line 23.
LaTeX Font Info:    Overwriting symbol font `symbols' in version `normal'
(Font)                  OMS/cmsy/m/n --> OMS/lmsy/m/n on input line 24.
LaTeX Font Info:    Overwriting symbol font `largesymbols' in version `normal'
(Font)                  OMX/cmex/m/n --> OMX/lmex/m/n on input line 25.
LaTeX Font Info:    Overwriting symbol font `operators' in version `bold'
(Font)                  OT1/cmr/bx/n --> OT1/lmr/bx/n on input line 26.
LaTeX Font Info:    Overwriting symbol font `letters' in version `bold'
(Font)                  OML/cmm/b/it --> OML/lmm/b/it on input line 27.
LaTeX Font Info:    Overwriting symbol font `symbols' in version `bold'
(Font)                  OMS/cmsy/b/n --> OMS/lmsy/b/n on input line 28.
LaTeX Font Info:    Overwriting symbol font `largesymbols' in version `bold'
(Font)                  OMX/cmex/m/n --> OMX/lmex/m/n on input line 29.
LaTeX Font Info:    Overwriting math alphabet `\mathbf' in version `normal'
(Font)                  OT1/cmr/bx/n --> OT1/lmr/bx/n on input line 31.
LaTeX Font Info:    Overwriting math alphabet `\mathsf' in version `normal'
(Font)                  OT1/cmss/m/n --> OT1/lmss/m/n on input line 32.
LaTeX Font Info:    Overwriting math alphabet `\mathit' in version `normal'
(Font)                  OT1/cmr/m/it --> OT1/lmr/m/it on input line 33.
LaTeX Font Info:    Overwriting math alphabet `\mathtt' in version `normal'
(Font)                  OT1/cmtt/m/n --> OT1/lmtt/m/n on input line 34.
LaTeX Font Info:    Overwriting math alphabet `\mathbf' in version `bold'
(Font)                  OT1/cmr/bx/n --> OT1/lmr/bx/n on input line 35.
LaTeX Font Info:    Overwriting math alphabet `\mathsf' in version `bold'
(Font)                  OT1/cmss/bx/n --> OT1/lmss/bx/n on input line 36.
LaTeX Font Info:    Overwriting math alphabet `\mathit' in version `bold'
(Font)                  OT1/cmr/bx/it --> OT1/lmr/bx/it on input line 37.
LaTeX Font Info:    Overwriting math alphabet `\mathtt' in version `bold'
(Font)                  OT1/cmtt/m/n --> OT1/lmtt/m/n on input line 38.
)
(/usr/local/texlive/2012/texmf-dist/tex/latex/base/fontenc.sty
Package: fontenc 2005/09/27 v1.99g Standard LaTeX package

(/usr/local/texlive/2012/texmf-dist/tex/latex/base/t1enc.def
File: t1enc.def 2005/09/27 v1.99g Standard LaTeX file
LaTeX Font Info:    Redeclaring font encoding T1 on input line 43.
))
(/usr/local/texlive/2012/texmf-dist/tex/generic/babel/babel.sty
Package: babel 2008/07/08 v3.8m The Babel package

(/usr/local/texlive/2012/texmf-dist/tex/generic/babel/english.ldf
Language: english 2005/03/30 v3.3o English support from the babel system

(/usr/local/texlive/2012/texmf-dist/tex/generic/babel/babel.def
File: babel.def 2008/07/08 v3.8m Babel common definitions
\babel@savecnt=\count87
\U@D=\dimen103
)
\l@canadian = a dialect from \language\l@american 
\l@australian = a dialect from \language\l@british 
\l@newzealand = a dialect from \language\l@british 
))
(/usr/local/texlive/2012/../texmf-local/tex/latex/local/mcode/mcode.sty
-- Package: `mcode' 2.5 <2014/03/06> --
Package: mcode 2014/03/06 2.5
 - settings optimized for display (colour formating)
 - framed listings
(/usr/local/texlive/2012/texmf-dist/tex/latex/xcolor/xcolor.sty
Package: xcolor 2007/01/21 v2.11 LaTeX color extensions (UK)

(/usr/local/texlive/2012/texmf-dist/tex/latex/latexconfig/color.cfg
File: color.cfg 2007/01/18 v1.5 color configuration of teTeX/TeXLive
)
Package xcolor Info: Driver file: pdftex.def on input line 225.

(/usr/local/texlive/2012/texmf-dist/tex/latex/pdftex-def/pdftex.def
File: pdftex.def 2011/05/27 v0.06d Graphics/color for pdfTeX

(/usr/local/texlive/2012/texmf-dist/tex/generic/oberdiek/infwarerr.sty
Package: infwarerr 2010/04/08 v1.3 Providing info/warning/error messages (HO)
)
(/usr/local/texlive/2012/texmf-dist/tex/generic/oberdiek/ltxcmds.sty
Package: ltxcmds 2011/11/09 v1.22 LaTeX kernel commands for general use (HO)
)
\Gread@gobject=\count88
)
Package xcolor Info: Model `cmy' substituted by `cmy0' on input line 1337.
Package xcolor Info: Model `hsb' substituted by `rgb' on input line 1341.
Package xcolor Info: Model `RGB' extended on input line 1353.
Package xcolor Info: Model `HTML' substituted by `rgb' on input line 1355.
Package xcolor Info: Model `Hsb' substituted by `hsb' on input line 1356.
Package xcolor Info: Model `tHsb' substituted by `hsb' on input line 1357.
Package xcolor Info: Model `HSB' substituted by `hsb' on input line 1358.
Package xcolor Info: Model `Gray' substituted by `gray' on input line 1359.
Package xcolor Info: Model `wave' substituted by `hsb' on input line 1360.
)
(/usr/local/texlive/2012/texmf-dist/tex/latex/listings/listings.sty
(/usr/local/texlive/2012/texmf-dist/tex/latex/graphics/keyval.sty
Package: keyval 1999/03/16 v1.13 key=value parser (DPC)
\KV@toks@=\toks16
)
\lst@mode=\count89
\lst@gtempboxa=\box26
\lst@token=\toks17
\lst@length=\count90
\lst@currlwidth=\dimen104
\lst@column=\count91
\lst@pos=\count92
\lst@lostspace=\dimen105
\lst@width=\dimen106
\lst@newlines=\count93
\lst@lineno=\count94
\lst@maxwidth=\dimen107

(/usr/local/texlive/2012/texmf-dist/tex/latex/listings/lstmisc.sty
File: lstmisc.sty 2007/02/22 1.4 (Carsten Heinz)
\c@lstnumber=\count95
\lst@skipnumbers=\count96
\lst@framebox=\box27
)
(/usr/local/texlive/2012/texmf-dist/tex/latex/listings/listings.cfg
File: listings.cfg 2007/02/22 1.4 listings configuration
))
Package: listings 2007/02/22 1.4 (Carsten Heinz)

(/usr/local/texlive/2012/texmf-dist/tex/latex/base/textcomp.sty
Package: textcomp 2005/09/27 v1.99g Standard LaTeX package
Package textcomp Info: Sub-encoding information:
(textcomp)               5 = only ISO-Adobe without \textcurrency
(textcomp)               4 = 5 + \texteuro
(textcomp)               3 = 4 + \textohm
(textcomp)               2 = 3 + \textestimated + \textcurrency
(textcomp)               1 = TS1 - \textcircled - \t
(textcomp)               0 = TS1 (full)
(textcomp)             Font families with sub-encoding setting implement
(textcomp)             only a restricted character set as indicated.
(textcomp)             Family '?' is the default used for unknown fonts.
(textcomp)             See the documentation for details.
Package textcomp Info: Setting ? sub-encoding to TS1/1 on input line 71.

(/usr/local/texlive/2012/texmf-dist/tex/latex/base/ts1enc.def
File: ts1enc.def 2001/06/05 v3.0e (jk/car/fm) Standard LaTeX file
Now handling font encoding TS1 ...
... processing UTF-8 mapping file for font encoding TS1

(/usr/local/texlive/2012/texmf-dist/tex/latex/base/ts1enc.dfu
File: ts1enc.dfu 2008/04/05 v1.1m UTF-8 support for inputenc
   defining Unicode char U+00A2 (decimal 162)
   defining Unicode char U+00A3 (decimal 163)
   defining Unicode char U+00A4 (decimal 164)
   defining Unicode char U+00A5 (decimal 165)
   defining Unicode char U+00A6 (decimal 166)
   defining Unicode char U+00A7 (decimal 167)
   defining Unicode char U+00A8 (decimal 168)
   defining Unicode char U+00A9 (decimal 169)
   defining Unicode char U+00AA (decimal 170)
   defining Unicode char U+00AC (decimal 172)
   defining Unicode char U+00AE (decimal 174)
   defining Unicode char U+00AF (decimal 175)
   defining Unicode char U+00B0 (decimal 176)
   defining Unicode char U+00B1 (decimal 177)
   defining Unicode char U+00B2 (decimal 178)
   defining Unicode char U+00B3 (decimal 179)
   defining Unicode char U+00B4 (decimal 180)
   defining Unicode char U+00B5 (decimal 181)
   defining Unicode char U+00B6 (decimal 182)
   defining Unicode char U+00B7 (decimal 183)
   defining Unicode char U+00B9 (decimal 185)
   defining Unicode char U+00BA (decimal 186)
   defining Unicode char U+00BC (decimal 188)
   defining Unicode char U+00BD (decimal 189)
   defining Unicode char U+00BE (decimal 190)
   defining Unicode char U+00D7 (decimal 215)
   defining Unicode char U+00F7 (decimal 247)
   defining Unicode char U+0192 (decimal 402)
   defining Unicode char U+02C7 (decimal 711)
   defining Unicode char U+02D8 (decimal 728)
   defining Unicode char U+02DD (decimal 733)
   defining Unicode char U+0E3F (decimal 3647)
   defining Unicode char U+2016 (decimal 8214)
   defining Unicode char U+2020 (decimal 8224)
   defining Unicode char U+2021 (decimal 8225)
   defining Unicode char U+2022 (decimal 8226)
   defining Unicode char U+2030 (decimal 8240)
   defining Unicode char U+2031 (decimal 8241)
   defining Unicode char U+203B (decimal 8251)
   defining Unicode char U+203D (decimal 8253)
   defining Unicode char U+2044 (decimal 8260)
   defining Unicode char U+204E (decimal 8270)
   defining Unicode char U+2052 (decimal 8274)
   defining Unicode char U+20A1 (decimal 8353)
   defining Unicode char U+20A4 (decimal 8356)
   defining Unicode char U+20A6 (decimal 8358)
   defining Unicode char U+20A9 (decimal 8361)
   defining Unicode char U+20AB (decimal 8363)
   defining Unicode char U+20AC (decimal 8364)
   defining Unicode char U+20B1 (decimal 8369)
   defining Unicode char U+2103 (decimal 8451)
   defining Unicode char U+2116 (decimal 8470)
   defining Unicode char U+2117 (decimal 8471)
   defining Unicode char U+211E (decimal 8478)
   defining Unicode char U+2120 (decimal 8480)
   defining Unicode char U+2122 (decimal 8482)
   defining Unicode char U+2126 (decimal 8486)
   defining Unicode char U+2127 (decimal 8487)
   defining Unicode char U+212E (decimal 8494)
   defining Unicode char U+2190 (decimal 8592)
   defining Unicode char U+2191 (decimal 8593)
   defining Unicode char U+2192 (decimal 8594)
   defining Unicode char U+2193 (decimal 8595)
   defining Unicode char U+2329 (decimal 9001)
   defining Unicode char U+232A (decimal 9002)
   defining Unicode char U+2422 (decimal 9250)
   defining Unicode char U+25E6 (decimal 9702)
   defining Unicode char U+25EF (decimal 9711)
   defining Unicode char U+266A (decimal 9834)
))
LaTeX Info: Redefining \oldstylenums on input line 266.
Package textcomp Info: Setting cmr sub-encoding to TS1/0 on input line 281.
Package textcomp Info: Setting cmss sub-encoding to TS1/0 on input line 282.
Package textcomp Info: Setting cmtt sub-encoding to TS1/0 on input line 283.
Package textcomp Info: Setting cmvtt sub-encoding to TS1/0 on input line 284.
Package textcomp Info: Setting cmbr sub-encoding to TS1/0 on input line 285.
Package textcomp Info: Setting cmtl sub-encoding to TS1/0 on input line 286.
Package textcomp Info: Setting ccr sub-encoding to TS1/0 on input line 287.
Package textcomp Info: Setting ptm sub-encoding to TS1/4 on input line 288.
Package textcomp Info: Setting pcr sub-encoding to TS1/4 on input line 289.
Package textcomp Info: Setting phv sub-encoding to TS1/4 on input line 290.
Package textcomp Info: Setting ppl sub-encoding to TS1/3 on input line 291.
Package textcomp Info: Setting pag sub-encoding to TS1/4 on input line 292.
Package textcomp Info: Setting pbk sub-encoding to TS1/4 on input line 293.
Package textcomp Info: Setting pnc sub-encoding to TS1/4 on input line 294.
Package textcomp Info: Setting pzc sub-encoding to TS1/4 on input line 295.
Package textcomp Info: Setting bch sub-encoding to TS1/4 on input line 296.
Package textcomp Info: Setting put sub-encoding to TS1/5 on input line 297.
Package textcomp Info: Setting uag sub-encoding to TS1/5 on input line 298.
Package textcomp Info: Setting ugq sub-encoding to TS1/5 on input line 299.
Package textcomp Info: Setting ul8 sub-encoding to TS1/4 on input line 300.
Package textcomp Info: Setting ul9 sub-encoding to TS1/4 on input line 301.
Package textcomp Info: Setting augie sub-encoding to TS1/5 on input line 302.
Package textcomp Info: Setting dayrom sub-encoding to TS1/3 on input line 303.
Package textcomp Info: Setting dayroms sub-encoding to TS1/3 on input line 304.

Package textcomp Info: Setting pxr sub-encoding to TS1/0 on input line 305.
Package textcomp Info: Setting pxss sub-encoding to TS1/0 on input line 306.
Package textcomp Info: Setting pxtt sub-encoding to TS1/0 on input line 307.
Package textcomp Info: Setting txr sub-encoding to TS1/0 on input line 308.
Package textcomp Info: Setting txss sub-encoding to TS1/0 on input line 309.
Package textcomp Info: Setting txtt sub-encoding to TS1/0 on input line 310.
Package textcomp Info: Setting lmr sub-encoding to TS1/0 on input line 311.
Package textcomp Info: Setting lmdh sub-encoding to TS1/0 on input line 312.
Package textcomp Info: Setting lmss sub-encoding to TS1/0 on input line 313.
Package textcomp Info: Setting lmssq sub-encoding to TS1/0 on input line 314.
Package textcomp Info: Setting lmvtt sub-encoding to TS1/0 on input line 315.
Package textcomp Info: Setting qhv sub-encoding to TS1/0 on input line 316.
Package textcomp Info: Setting qag sub-encoding to TS1/0 on input line 317.
Package textcomp Info: Setting qbk sub-encoding to TS1/0 on input line 318.
Package textcomp Info: Setting qcr sub-encoding to TS1/0 on input line 319.
Package textcomp Info: Setting qcs sub-encoding to TS1/0 on input line 320.
Package textcomp Info: Setting qpl sub-encoding to TS1/0 on input line 321.
Package textcomp Info: Setting qtm sub-encoding to TS1/0 on input line 322.
Package textcomp Info: Setting qzc sub-encoding to TS1/0 on input line 323.
Package textcomp Info: Setting qhvc sub-encoding to TS1/0 on input line 324.
Package textcomp Info: Setting futs sub-encoding to TS1/4 on input line 325.
Package textcomp Info: Setting futx sub-encoding to TS1/4 on input line 326.
Package textcomp Info: Setting futj sub-encoding to TS1/4 on input line 327.
Package textcomp Info: Setting hlh sub-encoding to TS1/3 on input line 328.
Package textcomp Info: Setting hls sub-encoding to TS1/3 on input line 329.
Package textcomp Info: Setting hlst sub-encoding to TS1/3 on input line 330.
Package textcomp Info: Setting hlct sub-encoding to TS1/5 on input line 331.
Package textcomp Info: Setting hlx sub-encoding to TS1/5 on input line 332.
Package textcomp Info: Setting hlce sub-encoding to TS1/5 on input line 333.
Package textcomp Info: Setting hlcn sub-encoding to TS1/5 on input line 334.
Package textcomp Info: Setting hlcw sub-encoding to TS1/5 on input line 335.
Package textcomp Info: Setting hlcf sub-encoding to TS1/5 on input line 336.
Package textcomp Info: Setting pplx sub-encoding to TS1/3 on input line 337.
Package textcomp Info: Setting pplj sub-encoding to TS1/3 on input line 338.
Package textcomp Info: Setting ptmx sub-encoding to TS1/4 on input line 339.
Package textcomp Info: Setting ptmj sub-encoding to TS1/4 on input line 340.
))
(/usr/local/texlive/2012/texmf-dist/tex/latex/tools/verbatim.sty
Package: verbatim 2003/08/22 v1.5q LaTeX2e package for verbatim enhancements
\every@verbatim=\toks18
\verbatim@line=\toks19
\verbatim@in@stream=\read1
)
(/usr/local/texlive/2012/texmf-dist/tex/latex/placeins/placeins.sty
Package: placeins 2005/04/18  v 2.2
)
(/usr/local/texlive/2012/texmf-dist/tex/latex/float/float.sty
Package: float 2001/11/08 v1.3d Float enhancements (AL)
\c@float@type=\count97
\float@exts=\toks20
\float@box=\box28
\@float@everytoks=\toks21
\@floatcapt=\box29
)
(/usr/local/texlive/2012/texmf-dist/tex/latex/tools/array.sty
Package: array 2008/09/09 v2.4c Tabular extension package (FMi)
\col@sep=\dimen108
\extrarowheight=\dimen109
\NC@list=\toks22
\extratabsurround=\skip43
\backup@length=\skip44
)
(/usr/local/texlive/2012/texmf-dist/tex/latex/amsmath/amsmath.sty
Package: amsmath 2000/07/18 v2.13 AMS math features
\@mathmargin=\skip45

For additional information on amsmath, use the `?' option.
(/usr/local/texlive/2012/texmf-dist/tex/latex/amsmath/amstext.sty
Package: amstext 2000/06/29 v2.01

(/usr/local/texlive/2012/texmf-dist/tex/latex/amsmath/amsgen.sty
File: amsgen.sty 1999/11/30 v2.0
\@emptytoks=\toks23
\ex@=\dimen110
))
(/usr/local/texlive/2012/texmf-dist/tex/latex/amsmath/amsbsy.sty
Package: amsbsy 1999/11/29 v1.2d
\pmbraise@=\dimen111
)
(/usr/local/texlive/2012/texmf-dist/tex/latex/amsmath/amsopn.sty
Package: amsopn 1999/12/14 v2.01 operator names
)
\inf@bad=\count98
LaTeX Info: Redefining \frac on input line 211.
\uproot@=\count99
\leftroot@=\count100
LaTeX Info: Redefining \overline on input line 307.
\classnum@=\count101
\DOTSCASE@=\count102
LaTeX Info: Redefining \ldots on input line 379.
LaTeX Info: Redefining \dots on input line 382.
LaTeX Info: Redefining \cdots on input line 467.
\Mathstrutbox@=\box30
\strutbox@=\box31
\big@size=\dimen112
LaTeX Font Info:    Redeclaring font encoding OML on input line 567.
LaTeX Font Info:    Redeclaring font encoding OMS on input line 568.
\macc@depth=\count103
\c@MaxMatrixCols=\count104
\dotsspace@=\muskip10
\c@parentequation=\count105
\dspbrk@lvl=\count106
\tag@help=\toks24
\row@=\count107
\column@=\count108
\maxfields@=\count109
\andhelp@=\toks25
\eqnshift@=\dimen113
\alignsep@=\dimen114
\tagshift@=\dimen115
\tagwidth@=\dimen116
\totwidth@=\dimen117
\lineht@=\dimen118
\@envbody=\toks26
\multlinegap=\skip46
\multlinetaggap=\skip47
\mathdisplay@stack=\toks27
LaTeX Info: Redefining \[ on input line 2666.
LaTeX Info: Redefining \] on input line 2667.
)
(/usr/local/texlive/2012/texmf-dist/tex/latex/amsfonts/amssymb.sty
Package: amssymb 2009/06/22 v3.00

(/usr/local/texlive/2012/texmf-dist/tex/latex/amsfonts/amsfonts.sty
Package: amsfonts 2009/06/22 v3.00 Basic AMSFonts support
\symAMSa=\mathgroup4
\symAMSb=\mathgroup5
LaTeX Font Info:    Overwriting math alphabet `\mathfrak' in version `bold'
(Font)                  U/euf/m/n --> U/euf/b/n on input line 96.
))
(/usr/local/texlive/2012/texmf-dist/tex/latex/mhchem/mhchem.sty
Package: mhchem 2011/06/03 v3.11 for typesetting chemical formulae

(/usr/local/texlive/2012/texmf-dist/tex/latex/base/ifthen.sty
Package: ifthen 2001/05/26 v1.1c Standard LaTeX ifthen package (DPC)
)
(/usr/local/texlive/2012/texmf-dist/tex/latex/tools/calc.sty
Package: calc 2007/08/22 v4.3 Infix arithmetic (KKT,FJ)
\calc@Acount=\count110
\calc@Bcount=\count111
\calc@Adimen=\dimen119
\calc@Bdimen=\dimen120
\calc@Askip=\skip48
\calc@Bskip=\skip49
LaTeX Info: Redefining \setlength on input line 76.
LaTeX Info: Redefining \addtolength on input line 77.
\calc@Ccount=\count112
\calc@Cskip=\skip50
)
(/usr/local/texlive/2012/texmf-dist/tex/latex/oberdiek/twoopt.sty
Package: twoopt 2008/08/11 v1.5 Definitions with two optional arguments (HO)
)
(/usr/local/texlive/2012/texmf-dist/tex/latex/graphics/graphics.sty
Package: graphics 2009/02/05 v1.0o Standard LaTeX Graphics (DPC,SPQR)

(/usr/local/texlive/2012/texmf-dist/tex/latex/graphics/trig.sty
Package: trig 1999/03/16 v1.09 sin cos tan (DPC)
)
(/usr/local/texlive/2012/texmf-dist/tex/latex/latexconfig/graphics.cfg
File: graphics.cfg 2010/04/23 v1.9 graphics configuration of TeX Live
)
Package graphics Info: Driver file: pdftex.def on input line 91.
)
\tok@mhchem@ce@iii=\toks28
\mhchem@arrowminlength=\skip51
\mhchem@arrows@box=\box32
\mhchem@arrowlength@pgf=\skip52
\mhchem@arrowminlength@pgf=\skip53
\mhchem@bondwidth=\skip54
\mhchem@bondheight=\skip55
\mhchem@smallbondwidth@tmpA=\skip56
\mhchem@smallbondwidth@tmpB=\skip57
\mhchem@smallbondwidth=\skip58
\mhchem@cf@result=\toks29
\mhchem@cf@element=\toks30
\mhchem@cf@amount=\toks31
\mhchem@cf@sup=\toks32
\mhchem@cf@presub=\toks33
\mhchem@cf@presup=\toks34
\mhchem@cf@replaceMath@result=\toks35
\mhchem@cf@replaceMathMinusDot@result=\toks36
\mhchem@prepostscript@tmp@i=\skip59
\mhchem@prepostscript@tmp@ii=\skip60
\mhchem@mathbox@tmp@i=\skip61
\mhchem@mathbox@tmp@ii=\skip62
\mhchem@minispace@tmp=\skip63
\mhchem@option@minussidebearingleft=\skip64
\mhchem@option@minussidebearingright=\skip65
)
(/usr/local/texlive/2012/texmf-dist/tex/latex/IEEEtran/IEEEtrantools.sty
Package: IEEEtrantools 2007/01/11 V1.2 by Michael Shell

-- See the "IEEEtrantools_doc.txt" manual for usage information.
-- http://www.michaelshell.org/tex/ieeetran/tools/
\@IEEEtrantmpdimenA=\dimen121
\@IEEEtrantmpdimenB=\dimen122
\@IEEEtrantmpcountA=\count113
\@IEEEtrantmpcountB=\count114
\@IEEEtrantmptoksA=\toks37
\IEEEnormaljot=\dimen123
\IEEEilabelindentA=\dimen124
\IEEEilabelindentB=\dimen125
\IEEEilabelindent=\dimen126
\IEEEelabelindent=\dimen127
\IEEEdlabelindent=\dimen128
\IEEElabelindent=\dimen129
\IEEEiednormlabelsep=\dimen130
\IEEEiedmathlabelsep=\dimen131
\IEEEiedtopsep=\skip66
\c@IEEEsubequation=\count115
\@IEEEeqnnumcols=\count116
\@IEEEeqncolcnt=\count117
\IEEEPARstartletwidth=\dimen132
) (/usr/local/texlive/2012/texmf-dist/tex/latex/graphics/graphicx.sty
Package: graphicx 1999/02/16 v1.0f Enhanced LaTeX Graphics (DPC,SPQR)
\Gin@req@height=\dimen133
\Gin@req@width=\dimen134
)
(/usr/local/texlive/2012/texmf-dist/tex/latex/wrapfig/wrapfig.sty
\wrapoverhang=\dimen135
\WF@size=\dimen136
\c@WF@wrappedlines=\count118
\WF@box=\box33
\WF@everypar=\toks38
Package: wrapfig 2003/01/31  v 3.6
)
(/usr/local/texlive/2012/texmf-dist/tex/latex/caption/subcaption.sty
Package: subcaption 2012/01/12 v1.1d Sub-captions (AR)

(/usr/local/texlive/2012/texmf-dist/tex/latex/caption/caption.sty
Package: caption 2012/02/19 v3.2f Customizing captions (AR)

(/usr/local/texlive/2012/texmf-dist/tex/latex/caption/caption3.sty
Package: caption3 2012/01/12 v1.4b caption3 kernel (AR)
\captionmargin=\dimen137
\captionmargin@=\dimen138
\captionwidth=\dimen139
\caption@indent=\dimen140
\caption@parindent=\dimen141
\caption@hangindent=\dimen142
)
\c@ContinuedFloat=\count119
Package caption Info: float package is loaded.
Package caption Info: listings package is loaded.
Package caption Info: wrapfig package is loaded.
)
\c@subfigure=\count120
\c@subtable=\count121
)
(/usr/local/texlive/2012/texmf-dist/tex/latex/comment/comment.sty
\CommentStream=\write3

Excluding comment 'comment')
(/usr/local/texlive/2012/texmf-dist/tex/latex/hyperref/hyperref.sty
Package: hyperref 2012/05/13 v6.82q Hypertext links for LaTeX

(/usr/local/texlive/2012/texmf-dist/tex/generic/oberdiek/hobsub-hyperref.sty
Package: hobsub-hyperref 2012/05/28 v1.13 Bundle oberdiek, subset hyperref (HO)


(/usr/local/texlive/2012/texmf-dist/tex/generic/oberdiek/hobsub-generic.sty
Package: hobsub-generic 2012/05/28 v1.13 Bundle oberdiek, subset generic (HO)
Package: hobsub 2012/05/28 v1.13 Construct package bundles (HO)
Package hobsub Info: Skipping package `infwarerr' (already loaded).
Package hobsub Info: Skipping package `ltxcmds' (already loaded).
Package: ifluatex 2010/03/01 v1.3 Provides the ifluatex switch (HO)
Package ifluatex Info: LuaTeX not detected.
Package: ifvtex 2010/03/01 v1.5 Detect VTeX and its facilities (HO)
Package ifvtex Info: VTeX not detected.
Package: intcalc 2007/09/27 v1.1 Expandable calculations with integers (HO)
Package: ifpdf 2011/01/30 v2.3 Provides the ifpdf switch (HO)
Package ifpdf Info: pdfTeX in PDF mode is detected.
Package: etexcmds 2011/02/16 v1.5 Avoid name clashes with e-TeX commands (HO)
Package etexcmds Info: Could not find \expanded.
(etexcmds)             That can mean that you are not using pdfTeX 1.50 or
(etexcmds)             that some package has redefined \expanded.
(etexcmds)             In the latter case, load this package earlier.
Package: kvsetkeys 2012/04/25 v1.16 Key value parser (HO)
Package: kvdefinekeys 2011/04/07 v1.3 Define keys (HO)
Package: pdftexcmds 2011/11/29 v0.20 Utility functions of pdfTeX for LuaTeX (HO
)
Package pdftexcmds Info: LuaTeX not detected.
Package pdftexcmds Info: \pdf@primitive is available.
Package pdftexcmds Info: \pdf@ifprimitive is available.
Package pdftexcmds Info: \pdfdraftmode found.
Package: pdfescape 2011/11/25 v1.13 Implements pdfTeX's escape features (HO)
Package: bigintcalc 2012/04/08 v1.3 Expandable calculations on big integers (HO
)
Package: bitset 2011/01/30 v1.1 Handle bit-vector datatype (HO)
Package: uniquecounter 2011/01/30 v1.2 Provide unlimited unique counter (HO)
)
Package hobsub Info: Skipping package `hobsub' (already loaded).
Package: letltxmacro 2010/09/02 v1.4 Let assignment for LaTeX macros (HO)
Package: hopatch 2012/05/28 v1.2 Wrapper for package hooks (HO)
Package: xcolor-patch 2011/01/30 xcolor patch
Package: atveryend 2011/06/30 v1.8 Hooks at the very end of document (HO)
Package atveryend Info: \enddocument detected (standard20110627).
Package: atbegshi 2011/10/05 v1.16 At begin shipout hook (HO)
Package: refcount 2011/10/16 v3.4 Data extraction from label references (HO)
Package: hycolor 2011/01/30 v1.7 Color options for hyperref/bookmark (HO)
)
(/usr/local/texlive/2012/texmf-dist/tex/generic/ifxetex/ifxetex.sty
Package: ifxetex 2010/09/12 v0.6 Provides ifxetex conditional
)
(/usr/local/texlive/2012/texmf-dist/tex/latex/oberdiek/kvoptions.sty
Package: kvoptions 2011/06/30 v3.11 Key value format for package options (HO)
)
\@linkdim=\dimen143
\Hy@linkcounter=\count122
\Hy@pagecounter=\count123

(/usr/local/texlive/2012/texmf-dist/tex/latex/hyperref/pd1enc.def
File: pd1enc.def 2012/05/13 v6.82q Hyperref: PDFDocEncoding definition (HO)
Now handling font encoding PD1 ...
... no UTF-8 mapping file for font encoding PD1
)
\Hy@SavedSpaceFactor=\count124

(/usr/local/texlive/2012/texmf-dist/tex/latex/latexconfig/hyperref.cfg
File: hyperref.cfg 2002/06/06 v1.2 hyperref configuration of TeXLive
)
Package hyperref Info: Hyper figures OFF on input line 4062.
Package hyperref Info: Link nesting OFF on input line 4067.
Package hyperref Info: Hyper index ON on input line 4070.
Package hyperref Info: Plain pages OFF on input line 4077.
Package hyperref Info: Backreferencing OFF on input line 4082.
Package hyperref Info: Implicit mode ON; LaTeX internals redefined.
Package hyperref Info: Bookmarks ON on input line 4300.
\c@Hy@tempcnt=\count125

(/usr/local/texlive/2012/texmf-dist/tex/latex/url/url.sty
\Urlmuskip=\muskip11
Package: url 2006/04/12  ver 3.3  Verb mode for urls, etc.
)
LaTeX Info: Redefining \url on input line 4653.
\Fld@menulength=\count126
\Field@Width=\dimen144
\Fld@charsize=\dimen145
Package hyperref Info: Hyper figures OFF on input line 5773.
Package hyperref Info: Link nesting OFF on input line 5778.
Package hyperref Info: Hyper index ON on input line 5781.
Package hyperref Info: backreferencing OFF on input line 5788.
Package hyperref Info: Link coloring OFF on input line 5793.
Package hyperref Info: Link coloring with OCG OFF on input line 5798.
Package hyperref Info: PDF/A mode OFF on input line 5803.
LaTeX Info: Redefining \ref on input line 5843.
LaTeX Info: Redefining \pageref on input line 5847.
\Hy@abspage=\count127
\c@Item=\count128
\c@Hfootnote=\count129
)

Package hyperref Message: Driver (autodetected): hpdftex.

(/usr/local/texlive/2012/texmf-dist/tex/latex/hyperref/hpdftex.def
File: hpdftex.def 2012/05/13 v6.82q Hyperref driver for pdfTeX
\Fld@listcount=\count130
\c@bookmark@seq@number=\count131

(/usr/local/texlive/2012/texmf-dist/tex/latex/oberdiek/rerunfilecheck.sty
Package: rerunfilecheck 2011/04/15 v1.7 Rerun checks for auxiliary files (HO)
Package uniquecounter Info: New unique counter `rerunfilecheck' on input line 2
82.
)
\Hy@SectionHShift=\skip67
)
(/usr/local/texlive/2012/texmf-dist/tex/latex/siunitx/siunitx.sty
(/usr/local/texlive/2012/texmf-dist/tex/latex/l3kernel/expl3.sty
(/usr/local/texlive/2012/texmf-dist/tex/latex/l3kernel/l3names.sty
(/usr/local/texlive/2012/texmf-dist/tex/latex/l3kernel/l3bootstrap.sty
Package: l3bootstrap 2011/12/29 v3110 L3 Experimental bootstrap code
)
Package: l3names 2012/03/04 v3494 L3 Experimental namespace for primitives
)
(/usr/local/texlive/2012/texmf-dist/tex/latex/etex-pkg/etex.sty
Package: etex 1998/03/26 v2.0 eTeX basic definition package (PEB)
\et@xins=\count132
)
Package: expl3 2012/04/23 v3570 L3 Experimental code bundle wrapper

(/usr/local/texlive/2012/texmf-dist/tex/latex/l3kernel/l3basics.sty
Package: l3basics 2012/03/04 v3491 L3 Experimental basic definitions
)
(/usr/local/texlive/2012/texmf-dist/tex/latex/l3kernel/l3expan.sty
Package: l3expan 2012/02/26 v3460 L3 Experimental argument expansion
)
(/usr/local/texlive/2012/texmf-dist/tex/latex/l3kernel/l3tl.sty
Package: l3tl 2012/03/04 v3490 L3 Experimental token lists
)
(/usr/local/texlive/2012/texmf-dist/tex/latex/l3kernel/l3seq.sty
Package: l3seq 2012/03/04 v3490 L3 Experimental sequences and stacks
)
(/usr/local/texlive/2012/texmf-dist/tex/latex/l3kernel/l3int.sty
Package: l3int 2012/03/04 v3490 L3 Experimental integers
\c_max_int=\count133
\l_tmpa_int=\count134
\l_tmpb_int=\count135
\l_tmpc_int=\count136
\g_tmpa_int=\count137
\g_tmpb_int=\count138
)
(/usr/local/texlive/2012/texmf-dist/tex/latex/l3kernel/l3quark.sty
Package: l3quark 2012/02/12 v3384 L3 Experimental quarks
)
(/usr/local/texlive/2012/texmf-dist/tex/latex/l3kernel/l3prg.sty
Package: l3prg 2012/03/04 v3490 L3 Experimental control structures
\g_prg_map_int=\count139
)
(/usr/local/texlive/2012/texmf-dist/tex/latex/l3kernel/l3clist.sty
Package: l3clist 2012/03/04 v3490 L3 Experimental comma separated lists
)
(/usr/local/texlive/2012/texmf-dist/tex/latex/l3kernel/l3token.sty
Package: l3token 2012/03/04 v3491 L3 Experimental token manipulation
)
(/usr/local/texlive/2012/texmf-dist/tex/latex/l3kernel/l3prop.sty
Package: l3prop 2012/03/04 v3490 L3 Experimental property lists
)
(/usr/local/texlive/2012/texmf-dist/tex/latex/l3kernel/l3msg.sty
Package: l3msg 2012/04/23 v3568 L3 Experimental messages
)
(/usr/local/texlive/2012/texmf-dist/tex/latex/l3kernel/l3file.sty
Package: l3file 2012/03/09 v3520 L3 Experimental file and I/O operations
\l_iow_stream_int=\count140
\l_iow_line_length_int=\count141
\l_iow_target_length_int=\count142
\l_iow_current_line_int=\count143
\l_iow_current_word_int=\count144
\l_iow_current_indentation_int=\count145
)
(/usr/local/texlive/2012/texmf-dist/tex/latex/l3kernel/l3skip.sty
Package: l3skip 2012/03/05 v3499 L3 Experimental dimensions and skips
\l_tmpa_dim=\dimen146
\l_tmpb_dim=\dimen147
\l_tmpc_dim=\dimen148
\g_tmpa_dim=\dimen149
\g_tmpb_dim=\dimen150
\l_tmpa_skip=\skip68
\l_tmpb_skip=\skip69
\l_tmpc_skip=\skip70
\g_tmpa_skip=\skip71
\g_tmpb_skip=\skip72
)
(/usr/local/texlive/2012/texmf-dist/tex/latex/l3kernel/l3keys.sty
Package: l3keys 2012/03/03 v3487 L3 Experimental key-value interfaces
\g_keyval_level_int=\count146
\l_keys_choice_int=\count147
)
(/usr/local/texlive/2012/texmf-dist/tex/latex/l3kernel/l3fp.sty
Package: l3fp 2012/03/04 v3490 L3 Experimental floating-point operations
\c_one_million=\count148
\c_one_hundred_million=\count149
\c_five_hundred_million=\count150
\c_one_thousand_million=\count151
\c_fp_pi_by_four_decimal_int=\count152
\c_fp_pi_by_four_extended_int=\count153
\c_fp_pi_decimal_int=\count154
\c_fp_pi_extended_int=\count155
\c_fp_two_pi_decimal_int=\count156
\c_fp_two_pi_extended_int=\count157
\l_fp_count_int=\count158
\l_fp_div_offset_int=\count159
\l_fp_exp_integer_int=\count160
\l_fp_exp_decimal_int=\count161
\l_fp_exp_extended_int=\count162
\l_fp_exp_exponent_int=\count163
\l_fp_input_a_sign_int=\count164
\l_fp_input_a_integer_int=\count165
\l_fp_input_a_decimal_int=\count166
\l_fp_input_a_exponent_int=\count167
\l_fp_input_b_sign_int=\count168
\l_fp_input_b_integer_int=\count169
\l_fp_input_b_decimal_int=\count170
\l_fp_input_b_exponent_int=\count171
\l_fp_input_a_extended_int=\count172
\l_fp_input_b_extended_int=\count173
\l_fp_mul_a_i_int=\count174
\l_fp_mul_a_ii_int=\count175
\l_fp_mul_a_iii_int=\count176
\l_fp_mul_a_iv_int=\count177
\l_fp_mul_a_v_int=\count178
\l_fp_mul_a_vi_int=\count179
\l_fp_mul_b_i_int=\count180
\l_fp_mul_b_ii_int=\count181
\l_fp_mul_b_iii_int=\count182
\l_fp_mul_b_iv_int=\count183
\l_fp_mul_b_v_int=\count184
\l_fp_mul_b_vi_int=\count185
\l_fp_mul_output_int=\count186
\l_fp_output_sign_int=\count187
\l_fp_output_integer_int=\count188
\l_fp_output_decimal_int=\count189
\l_fp_output_exponent_int=\count190
\l_fp_output_extended_int=\count191
\l_fp_round_position_int=\count192
\l_fp_round_target_int=\count193
\l_fp_split_sign_int=\count194
\l_fp_internal_int=\count195
\l_fp_trig_octant_int=\count196
\l_fp_trig_sign_int=\count197
\l_fp_trig_decimal_int=\count198
\l_fp_trig_extended_int=\count199
\l_fp_internal_dim=\dimen151
\l_fp_internal_skip=\skip73
)
(/usr/local/texlive/2012/texmf-dist/tex/latex/l3kernel/l3box.sty
Package: l3box 2012/03/04 v3490 L3 Experimental boxes
\l_tmpb_box=\box34
\l_box_top_dim=\dimen152
\l_box_bottom_dim=\dimen153
\l_box_left_dim=\dimen154
\l_box_right_dim=\dimen155
\l_box_top_new_dim=\dimen156
\l_box_bottom_new_dim=\dimen157
\l_box_left_new_dim=\dimen158
\l_box_right_new_dim=\dimen159
\l_box_internal_box=\box35
)
(/usr/local/texlive/2012/texmf-dist/tex/latex/l3kernel/l3coffins.sty
Package: l3coffins 2012/03/03 v3482 L3 Experimental coffin code layer
\l_coffin_internal_box=\box36
\l_coffin_internal_dim=\dimen160
\l_coffin_offset_x_dim=\dimen161
\l_coffin_offset_y_dim=\dimen162
\l_coffin_x_dim=\dimen163
\l_coffin_y_dim=\dimen164
\l_coffin_x_prime_dim=\dimen165
\l_coffin_y_prime_dim=\dimen166
\l_coffin_Depth_dim=\dimen167
\l_coffin_Height_dim=\dimen168
\l_coffin_TotalHeight_dim=\dimen169
\l_coffin_Width_dim=\dimen170
\c_empty_coffin=\box37
\l_coffin_aligned_coffin=\box38
\l_coffin_aligned_internal_coffin=\box39
\l_coffin_bounding_shift_dim=\dimen171
\l_coffin_left_corner_dim=\dimen172
\l_coffin_right_corner_dim=\dimen173
\l_coffin_bottom_corner_dim=\dimen174
\l_coffin_top_corner_dim=\dimen175
\l_coffin_scaled_total_height_dim=\dimen176
\l_coffin_scaled_width_dim=\dimen177
\l_coffin_display_coffin=\box40
\l_coffin_display_coord_coffin=\box41
\l_coffin_display_pole_coffin=\box42
\l_coffin_display_offset_dim=\dimen178
\l_coffin_display_x_dim=\dimen179
\l_coffin_display_y_dim=\dimen180
)
(/usr/local/texlive/2012/texmf-dist/tex/latex/l3kernel/l3color.sty
Package: l3color 2011/09/07 v2776 L3 Experimental colour support
)
(/usr/local/texlive/2012/texmf-dist/tex/latex/l3kernel/l3luatex.sty
Package: l3luatex 2012/02/09 v3355 L3 Experimental LuaTeX-specific functions
\g_cctab_allocate_int=\count200
\g_cctab_stack_int=\count201
))
Package: siunitx 2012/05/03 v2.5c A comprehensive (SI) units package

(/usr/local/texlive/2012/texmf-dist/tex/latex/l3packages/l3keys2e/l3keys2e.sty
(/usr/local/texlive/2012/texmf-dist/tex/latex/l3packages/xparse/xparse.sty
Package: xparse 2012/04/23 v3570 L3 Experimental document command parser
Normal \count register pool exhausted, switching to extended pool.
\l_xparse_current_arg_int=\count277
\l_xparse_m_args_int=\count278
\l_xparse_mandatory_args_int=\count279
\l_xparse_processor_int=\count280
\l_xparse_v_nesting_int=\count281
)
Package: l3keys2e 2012/04/23 v3570 LaTeX2e option processing using LaTeX3 keys
)
\l_siunitx_tmp_box=\box43
\l_siunitx_tmp_dim=\dimen181
\l_siunitx_tmp_int=\count282
Variant \prop_get:NVNT already defined; not changing it on line 360
Variant \prop_get:NVNF already defined; not changing it on line 361
Variant \prop_get:NVNTF already defined; not changing it on line 362
\l_siunitx_number_mantissa_length_int=\count283
\l_siunitx_number_uncert_length_int=\count284
\l_siunitx_round_int=\count285
\l_siunitx_process_decimal_int=\count286
\l_siunitx_process_uncertainty_int=\count287
\l_siunitx_process_fixed_int=\count288
\l_siunitx_process_integer_min_int=\count289
\l_siunitx_process_precision_int=\count290
\l_siunitx_group_min_int=\count291
\l_siunitx_angle_marker_box=\box44
\l_siunitx_angle_unit_box=\box45
\l_siunitx_angle_marker_dim=\dimen182
\l_siunitx_angle_unit_dim=\dimen183
\l_siunitx_unit_int=\count292
\l_siunitx_unit_denominator_int=\count293
\l_siunitx_unit_numerator_int=\count294
\l_siunitx_unit_prefix_int=\count295
\l_siunitx_unit_prefix_base_int=\count296
\l_siunitx_unit_prefix_gram_int=\count297
\l_siunitx_number_product_int=\count298
\c_siunitx_one_fill_skip=\skip74
\l_siunitx_table_unit_align_skip=\skip75
\l_siunitx_table_exponent_dim=\dimen184
\l_siunitx_table_integer_dim=\dimen185
\l_siunitx_table_mantissa_dim=\dimen186
\l_siunitx_table_marker_dim=\dimen187
\l_siunitx_table_result_dim=\dimen188
\l_siunitx_table_uncert_dim=\dimen189
\l_siunitx_table_fill_pre_dim=\dimen190
\l_siunitx_table_fill_post_dim=\dimen191
\l_siunitx_table_fill_mid_dim=\dimen192
\l_siunitx_table_pre_box=\box46
\l_siunitx_table_post_box=\box47
\l_siunitx_table_mantissa_box=\box48
\l_siunitx_table_result_box=\box49
\l_siunitx_table_number_align_skip=\skip76
\l_siunitx_table_text_align_skip=\skip77
.................................................
. LaTeX info: "xparse/define-command"
. 
. Defining document command \DeclareBinaryPrefix with arg. spec. 'mmm' on line
. 7037.
.................................................
.................................................
. LaTeX info: "xparse/define-command"
. 
. Defining document command \DeclareSIPostPower with arg. spec. 'mm' on line
. 7040.
.................................................
.................................................
. LaTeX info: "xparse/define-command"
. 
. Defining document command \DeclareSIPrefix with arg. spec. 'mmm' on line
. 7043.
.................................................
.................................................
. LaTeX info: "xparse/define-command"
. 
. Defining document command \DeclareSIPrePower with arg. spec. 'mm' on line
. 7046.
.................................................
.................................................
. LaTeX info: "xparse/define-command"
. 
. Defining document command \DeclareSIQualifier with arg. spec. 'mm' on line
. 7049.
.................................................
.................................................
. LaTeX info: "xparse/define-command"
. 
. Defining document command \DeclareSIUnit with arg. spec. 'O{}mm' on line
. 7052.
.................................................
.................................................
. LaTeX info: "xparse/define-command"
. 
. Defining document command \DeclareSIUnitWithOptions with arg. spec. 'mmm' on
. line 7055.
.................................................
.................................................
. LaTeX info: "xparse/define-command"
. 
. Defining document command \ang with arg. spec. 'o>{\SplitArgument {2}{;}}m'
. on line 7070.
.................................................
.................................................
. LaTeX info: "xparse/define-command"
. 
. Defining document command \num with arg. spec. 'om' on line 7078.
.................................................
.................................................
. LaTeX info: "xparse/define-command"
. 
. Defining document command \numlist with arg. spec. 'o>{\SplitList {;}}m' on
. line 7086.
.................................................
.................................................
. LaTeX info: "xparse/define-command"
. 
. Defining document command \numrange with arg. spec. 'omm' on line 7094.
.................................................
.................................................
. LaTeX info: "xparse/define-command"
. 
. Defining document command \SIlist with arg. spec. 'o>{\SplitList {;}}mm' on
. line 7105.
.................................................
.................................................
. LaTeX info: "xparse/define-command"
. 
. Defining document command \SIrange with arg. spec. 'ommm' on line 7116.
.................................................
.................................................
. LaTeX info: "xparse/define-command"
. 
. Defining document command \SI with arg. spec. 'omom' on line 7127.
.................................................
.................................................
. LaTeX info: "xparse/define-command"
. 
. Defining document command \sisetup with arg. spec. 'm' on line 7130.
.................................................
.................................................
. LaTeX info: "xparse/define-command"
. 
. Defining document command \tablenum with arg. spec. 'om' on line 7142.
.................................................
.................................................
. LaTeX info: "xparse/define-command"
. 
. Defining document command \si with arg. spec. 'om' on line 7153.
.................................................
.................................................
. LaTeX info: "xparse/define-command"
. 
. Defining document command \siunitx_bookmark_num:w with arg. spec. 'om' on
. line 7197.
.................................................
.................................................
. LaTeX info: "xparse/define-command"
. 
. Defining document command \siunitx_bookmark_numrange:w with arg. spec. 'omm'
. on line 7199.
.................................................
.................................................
. LaTeX info: "xparse/define-command"
. 
. Defining document command \siunitx_bookmark_SI:w with arg. spec. 'omom' on
. line 7201.
.................................................
.................................................
. LaTeX info: "xparse/define-command"
. 
. Defining document command \siunitx_bookmark_SIlist:w with arg. spec. 'omm'
. on line 7203.
.................................................
.................................................
. LaTeX info: "xparse/define-command"
. 
. Defining document command \siunitx_bookmark_SIrange:w with arg. spec. 'ommm'
. on line 7205.
.................................................
.................................................
. LaTeX info: "xparse/define-command"
. 
. Defining document command \siunitx_bookmark_si:w with arg. spec. 'om' on
. line 7206.
.................................................
\g_ior_internal_ior=\read2

(/usr/local/texlive/2012/texmf-dist/tex/latex/beamer/translator/translator.sty
Package: translator 2010/06/12 ver 1.10

(/usr/local/texlive/2012/texmf-dist/tex/latex/beamer/translator/translator-lang
uage-mappings.tex)))
(/usr/local/texlive/2012/texmf-dist/tex/latex/geometry/geometry.sty
Package: geometry 2010/09/12 v5.6 Page Geometry
\Gm@cnth=\count299
\Gm@cntv=\count300
\c@Gm@tempcnt=\count301
\Gm@bindingoffset=\dimen193
\Gm@wd@mp=\dimen194
\Gm@odd@mp=\dimen195
\Gm@even@mp=\dimen196
\Gm@layoutwidth=\dimen197
\Gm@layoutheight=\dimen198
\Gm@layouthoffset=\dimen199
\Gm@layoutvoffset=\dimen200
\Gm@dimlist=\toks39
)
(/usr/local/texlive/2012/texmf-dist/tex/latex/tools/tabularx.sty
Package: tabularx 1999/01/07 v2.07 `tabularx' package (DPC)
\TX@col@width=\dimen201
Normal \dimen register pool exhausted, switching to extended pool.
\TX@old@table=\dimen256
\TX@old@col=\dimen257
\TX@target=\dimen258
\TX@delta=\dimen259
\TX@cols=\count302
\TX@ftn=\toks40
)
(/usr/local/texlive/2012/texmf-dist/tex/latex/booktabs/booktabs.sty
Package: booktabs 2005/04/14 v1.61803 publication quality tables
\heavyrulewidth=\dimen260
\lightrulewidth=\dimen261
\cmidrulewidth=\dimen262
\belowrulesep=\dimen263
\belowbottomsep=\dimen264
\aboverulesep=\dimen265
\abovetopsep=\dimen266
\cmidrulesep=\dimen267
\cmidrulekern=\dimen268
\defaultaddspace=\dimen269
\@cmidla=\count303
\@cmidlb=\count304
\@aboverulesep=\dimen270
\@belowrulesep=\dimen271
\@thisruleclass=\count305
\@lastruleclass=\count306
\@thisrulewidth=\dimen272
)
(/usr/local/texlive/2012/texmf-dist/tex/latex/multirow/multirow.sty
\bigstrutjot=\dimen273
)
(/usr/local/texlive/2012/texmf-dist/tex/latex/tools/multicol.sty
Package: multicol 2011/06/27 v1.7a multicolumn formatting (FMi)
\c@tracingmulticols=\count307
\mult@box=\box50
\multicol@leftmargin=\dimen274
\c@unbalance=\count308
\c@collectmore=\count309
\doublecol@number=\count310
\multicoltolerance=\count311
\multicolpretolerance=\count312
\full@width=\dimen275
\page@free=\dimen276
\premulticols=\dimen277
\postmulticols=\dimen278
\multicolsep=\skip78
\multicolbaselineskip=\skip79
\partial@page=\box51
\last@line=\box52
\mult@rightbox=\box53
\mult@grightbox=\box54
\mult@gfirstbox=\box55
\mult@firstbox=\box56
\@tempa=\box57
\@tempa=\box58
\@tempa=\box59
\@tempa=\box60
\@tempa=\box61
\@tempa=\box62
\@tempa=\box63
\@tempa=\box64
\@tempa=\box65
\@tempa=\box66
\@tempa=\box67
\@tempa=\box68
\@tempa=\box69
\@tempa=\box70
\@tempa=\box71
\@tempa=\box72
\@tempa=\box73
\c@columnbadness=\count313
\c@finalcolumnbadness=\count314
\last@try=\dimen279
\multicolovershoot=\dimen280
\multicolundershoot=\dimen281
\mult@nat@firstbox=\box74
\colbreak@box=\box75
\multicol@sort@counter=\count315
)
(/usr/local/texlive/2012/texmf-dist/tex/latex/fancyhdr/fancyhdr.sty
\fancy@headwidth=\skip80
\f@ncyO@elh=\skip81
\f@ncyO@erh=\skip82
\f@ncyO@olh=\skip83
\f@ncyO@orh=\skip84
\f@ncyO@elf=\skip85
\f@ncyO@erf=\skip86
\f@ncyO@olf=\skip87
\f@ncyO@orf=\skip88
))
(./report.aux (./acknowledgments.aux) (./introduction.aux) (./experiment.aux)
(./movement.aux) (./audio.aux) (./visual.aux) (./results.aux) (./learning.aux)
(./conclusion.aux))
\openout1 = `report.aux'.

LaTeX Font Info:    Checking defaults for OML/cmm/m/it on input line 15.
LaTeX Font Info:    ... okay on input line 15.
LaTeX Font Info:    Checking defaults for T1/cmr/m/n on input line 15.
LaTeX Font Info:    ... okay on input line 15.
LaTeX Font Info:    Checking defaults for OT1/cmr/m/n on input line 15.
LaTeX Font Info:    ... okay on input line 15.
LaTeX Font Info:    Checking defaults for OMS/cmsy/m/n on input line 15.
LaTeX Font Info:    ... okay on input line 15.
LaTeX Font Info:    Checking defaults for OMX/cmex/m/n on input line 15.
LaTeX Font Info:    ... okay on input line 15.
LaTeX Font Info:    Checking defaults for U/cmr/m/n on input line 15.
LaTeX Font Info:    ... okay on input line 15.
LaTeX Font Info:    Checking defaults for TS1/cmr/m/n on input line 15.
LaTeX Font Info:    Try loading font information for TS1+cmr on input line 15.

(/usr/local/texlive/2012/texmf-dist/tex/latex/base/ts1cmr.fd
File: ts1cmr.fd 1999/05/25 v2.5h Standard LaTeX font definitions
)
LaTeX Font Info:    ... okay on input line 15.
LaTeX Font Info:    Checking defaults for PD1/pdf/m/n on input line 15.
LaTeX Font Info:    ... okay on input line 15.
LaTeX Font Info:    Try loading font information for T1+lmr on input line 15.

(/usr/local/texlive/2012/texmf-dist/tex/latex/lm/t1lmr.fd
File: t1lmr.fd 2009/10/30 v1.6 Font defs for Latin Modern
)
(/usr/local/texlive/2012/texmf-dist/tex/context/base/supp-pdf.mkii
[Loading MPS to PDF converter (version 2006.09.02).]
\scratchcounter=\count316
\scratchdimen=\dimen282
\scratchbox=\box76
\nofMPsegments=\count317
\nofMParguments=\count318
\everyMPshowfont=\toks41
\MPscratchCnt=\count319
\MPscratchDim=\dimen283
\MPnumerator=\count320
\makeMPintoPDFobject=\count321
\everyMPtoPDFconversion=\toks42
)
\c@lstlisting=\count322
 (/usr/local/texlive/2012/texmf-dist/tex/latex/oberdiek/epstopdf-base.sty
Package: epstopdf-base 2010/02/09 v2.5 Base part for package epstopdf

(/usr/local/texlive/2012/texmf-dist/tex/latex/oberdiek/grfext.sty
Package: grfext 2010/08/19 v1.1 Manage graphics extensions (HO)
)
Package grfext Info: Graphics extension search list:
(grfext)             [.png,.pdf,.jpg,.mps,.jpeg,.jbig2,.jb2,.PNG,.PDF,.JPG,.JPE
G,.JBIG2,.JB2,.eps]
(grfext)             \AppendGraphicsExtensions on input line 452.

(/usr/local/texlive/2012/texmf-dist/tex/latex/latexconfig/epstopdf-sys.cfg
File: epstopdf-sys.cfg 2010/07/13 v1.3 Configuration of (r)epstopdf for TeX Liv
e
))
Package caption Info: Begin \AtBeginDocument code.
Package caption Info: hyperref package is loaded.
Package caption Info: End \AtBeginDocument code.
\AtBeginShipoutBox=\box77
Package hyperref Info: Link coloring OFF on input line 15.

(/usr/local/texlive/2012/texmf-dist/tex/latex/hyperref/nameref.sty
Package: nameref 2010/04/30 v2.40 Cross-referencing by name of section

(/usr/local/texlive/2012/texmf-dist/tex/generic/oberdiek/gettitlestring.sty
Package: gettitlestring 2010/12/03 v1.4 Cleanup title references (HO)
)
\c@section@level=\count323
)
LaTeX Info: Redefining \ref on input line 15.
LaTeX Info: Redefining \pageref on input line 15.
LaTeX Info: Redefining \nameref on input line 15.

(./report.out) (./report.out)
\@outlinefile=\write4
\openout4 = `report.out'.


(/usr/local/texlive/2012/texmf-dist/tex/latex/beamer/translator/dicts/translato
r-basic-dictionary/translator-basic-dictionary-English.dict
Dictionary: translator-basic-dictionary, Language: English 
)
(/usr/local/texlive/2012/texmf-dist/tex/latex/siunitx/config/siunitx-abbreviati
ons.cfg
File: siunitx-abbreviations.cfg 2012/05/03 v2.5c siunitx: Abbreviated units
)
(/usr/local/texlive/2012/texmf-dist/tex/latex/siunitx/config/siunitx-binary.cfg
File: siunitx-binary.cfg 2012/05/03 v2.5c siunitx: Binary units
)
*geometry* detected driver: dvips
*geometry* verbose mode - [ preamble ] result:
* driver: dvips
* paper: a4paper
* layout: <same size as paper>
* layoutoffset:(h,v)=(0.0pt,0.0pt)
* modes: includehead twoside heightrounded 
* h-part:(L,W,R)=(56.9055pt, 483.69687pt, 56.9055pt)
* v-part:(T,H,B)=(28.45274pt, 759.6886pt, 56.9055pt)
* \paperwidth=597.50787pt
* \paperheight=845.04684pt
* \textwidth=483.69687pt
* \textheight=718.20032pt
* \oddsidemargin=-15.36449pt
* \evensidemargin=-15.36449pt
* \topmargin=-43.81725pt
* \headheight=17.07164pt
* \headsep=28.45274pt
* \topskip=11.0pt
* \footskip=30.0pt
* \marginparwidth=56.9055pt
* \marginparsep=11.38109pt
* \columnsep=10.0pt
* \skip\footins=10.0pt plus 4.0pt minus 2.0pt
* \hoffset=0.0pt
* \voffset=0.0pt
* \mag=1000
* \@twocolumnfalse
* \@twosidetrue
* \@mparswitchtrue
* \@reversemarginfalse
* (1in=72.27pt=25.4mm, 1cm=28.453pt)

\c_siunitx_mathsf_int=\count324
LaTeX Font Info:    Try loading font information for OT1+lmr on input line 15.
(/usr/local/texlive/2012/texmf-dist/tex/latex/lm/ot1lmr.fd
File: ot1lmr.fd 2009/10/30 v1.6 Font defs for Latin Modern
)
LaTeX Font Info:    Try loading font information for OML+lmm on input line 15.

(/usr/local/texlive/2012/texmf-dist/tex/latex/lm/omllmm.fd
File: omllmm.fd 2009/10/30 v1.6 Font defs for Latin Modern
)
LaTeX Font Info:    Try loading font information for OMS+lmsy on input line 15.


(/usr/local/texlive/2012/texmf-dist/tex/latex/lm/omslmsy.fd
File: omslmsy.fd 2009/10/30 v1.6 Font defs for Latin Modern
)
LaTeX Font Info:    Try loading font information for OMX+lmex on input line 15.


(/usr/local/texlive/2012/texmf-dist/tex/latex/lm/omxlmex.fd
File: omxlmex.fd 2009/10/30 v1.6 Font defs for Latin Modern
)
LaTeX Font Info:    External font `lmex10' loaded for size
(Font)              <10.95> on input line 15.
LaTeX Font Info:    External font `lmex10' loaded for size
(Font)              <8> on input line 15.
LaTeX Font Info:    External font `lmex10' loaded for size
(Font)              <6> on input line 15.
LaTeX Font Info:    Try loading font information for U+msa on input line 15.

(/usr/local/texlive/2012/texmf-dist/tex/latex/amsfonts/umsa.fd
File: umsa.fd 2009/06/22 v3.00 AMS symbols A
)
LaTeX Font Info:    Try loading font information for U+msb on input line 15.

(/usr/local/texlive/2012/texmf-dist/tex/latex/amsfonts/umsb.fd
File: umsb.fd 2009/06/22 v3.00 AMS symbols B
)
LaTeX Font Info:    Try loading font information for OT1+lmss on input line 15.


(/usr/local/texlive/2012/texmf-dist/tex/latex/lm/ot1lmss.fd
File: ot1lmss.fd 2009/10/30 v1.6 Font defs for Latin Modern
)
\c_siunitx_mathtt_int=\count325
LaTeX Font Info:    Try loading font information for OT1+lmtt on input line 15.


(/usr/local/texlive/2012/texmf-dist/tex/latex/lm/ot1lmtt.fd
File: ot1lmtt.fd 2009/10/30 v1.6 Font defs for Latin Modern
)
<files/LCAV.png, id=136, 579.16376pt x 344.28625pt>
File: files/LCAV.png Graphic file (type png)
 <use files/LCAV.png>
Package pdftex.def Info: files/LCAV.png used on input line 18.
(pdftex.def)             Requested size: 79.73909pt x 47.40208pt.

<files/EPFL.png, id=138, 945.5325pt x 457.71pt>
File: files/EPFL.png Graphic file (type png)
 <use files/EPFL.png>
Package pdftex.def Info: files/EPFL.png used on input line 18.
(pdftex.def)             Requested size: 97.92043pt x 47.40208pt.
 [1
Non-PDF special ignored!

{/usr/local/texlive/2012/texmf-var/fonts/map/pdftex/updmap/pdftex.map} <./files
/LCAV.png> <./files/EPFL.png>]
\openout2 = `acknowledgments.aux'.

 (./acknowledgments.tex)
[2

] (./report.toc)
\tf@toc=\write5
\openout5 = `report.toc'.

 [3

] (./report.lof)
\tf@lof=\write6
\openout6 = `report.lof'.

 (./report.lot)
\tf@lot=\write7
\openout7 = `report.lot'.

 [4

]
\openout2 = `introduction.aux'.

 (./introduction.tex
<files/Setup.png, id=281, 598.235pt x 347.2975pt>
File: files/Setup.png Graphic file (type png)
 <use files/Setup.png>
Package pdftex.def Info: files/Setup.png used on input line 25.
(pdftex.def)             Requested size: 290.22107pt x 168.48677pt.
)
[5

 <./files/Setup.png>]
\openout2 = `experiment.aux'.

 (./experiment.tex
LaTeX Font Info:    Try loading font information for TS1+lmr on input line 11.

(/usr/local/texlive/2012/texmf-dist/tex/latex/lm/ts1lmr.fd
File: ts1lmr.fd 2009/10/30 v1.6 Font defs for Latin Modern
)
<files/Overview.jpg, id=291, 3276.24pt x 2457.18pt>
File: files/Overview.jpg Graphic file (type jpg)
 <use files/Overview.jpg>
Package pdftex.def Info: files/Overview.jpg used on input line 22.
(pdftex.def)             Requested size: 290.22107pt x 217.64977pt.

<files/RaspiCam.png, id=293, 90.0966pt x 129.6042pt>
File: files/RaspiCam.png Graphic file (type png)
 <use files/RaspiCam.png>
Package pdftex.def Info: files/RaspiCam.png used on input line 40.
(pdftex.def)             Requested size: 120.92421pt x 173.95348pt.
LaTeX Font Info:    Try loading font information for T1+lmtt on input line 46.

(/usr/local/texlive/2012/texmf-dist/tex/latex/lm/t1lmtt.fd
File: t1lmtt.fd 2009/10/30 v1.6 Font defs for Latin Modern
)
LaTeX Font Info:    Try loading font information for T1+pcr on input line 51.

(/usr/local/texlive/2012/texmf-dist/tex/latex/psnfss/t1pcr.fd
File: t1pcr.fd 2001/06/04 font definitions for T1/pcr.
)
(./files/interfaces
LaTeX Font Info:    External font `lmex10' loaded for size
(Font)              <9> on input line 1.
LaTeX Font Info:    External font `lmex10' loaded for size
(Font)              <5> on input line 1.
) [6


 <./files/Overview.jpg>]
LaTeX Font Info:    External font `lmex10' loaded for size
(Font)              <10> on input line 61.
LaTeX Font Info:    External font `lmex10' loaded for size
(Font)              <7> on input line 61.
 (./files/start_camera)
<files/quality.png, id=308, 803.0pt x 468.75125pt>
File: files/quality.png Graphic file (type png)
 <use files/quality.png>
Package pdftex.def Info: files/quality.png used on input line 72.
(pdftex.def)             Requested size: 386.95897pt x 225.8921pt.

[7 <./files/RaspiCam.png>]
(/usr/local/texlive/2012/texmf-dist/tex/latex/listings/lstlang1.sty
File: lstlang1.sty 2004/09/05 1.3 listings language file
)
(./files/switchoff.py)
Underfull \vbox (badness 6236) has occurred while \output is active []

 [8 <./files/quality.png>] <files/Robot2_cvt.png, id=364, 271.0125pt x 481.8pt>
File: files/Robot2_cvt.png Graphic file (type png)

<use files/Robot2_cvt.png>
Package pdftex.def Info: files/Robot2_cvt.png used on input line 140.
(pdftex.def)             Requested size: 121.19772pt x 215.46228pt.

Underfull \hbox (badness 1406) in paragraph at lines 141--141
[]\T1/lmr/m/it/10 (a) |Robot de-signed by Gi-gatec
 []

<files/Wireless.png, id=365, 252.945pt x 566.115pt>
File: files/Wireless.png Graphic file (type png)
 <use files/Wireless.png>
Package pdftex.def Info: files/Wireless.png used on input line 147.
(pdftex.def)             Requested size: 96.27061pt x 215.46228pt.

<files/Speaker.jpg, id=366, 2457.18pt x 3276.24pt>
File: files/Speaker.jpg Graphic file (type jpg)
 <use files/Speaker.jpg>
Package pdftex.def Info: files/Speaker.jpg used on input line 154.
(pdftex.def)             Requested size: 161.59698pt x 215.46228pt.

Overfull \hbox (16.48645pt too wide) in paragraph at lines 154--155
 [][] 
 []

[9]) [10 <./files/Robot2_cvt.png> <./files/Wireless.png> <./files/Speaker.jpg>]
\openout2 = `movement.aux'.

(./movement.tex <files/Acceleration.png, id=418, 1019.81pt x 533.995pt>
File: files/Acceleration.png Graphic file (type png)

<use files/Acceleration.png>
Package pdftex.def Info: files/Acceleration.png used on input line 15.
(pdftex.def)             Requested size: 241.84843pt x 126.63773pt.
 (./files/commands.txt) [11


 <./files/Acceleration.png>] <files/trajectory.png, id=434, 722.7pt x 361.35pt>
File: files/trajectory.png Graphic file (type png)

<use files/trajectory.png>
Package pdftex.def Info: files/trajectory.png used on input line 46.
(pdftex.def)             Requested size: 386.95897pt x 193.47748pt.

Overfull \hbox (2.6589pt too wide) in paragraph at lines 55--56
[]\T1/lmr/m/n/10.95 Given the in-cre-men-tal en-coder read-ings from the left a
nd the right mo-tor re-spec-tively ($\OML/lmm/m/it/10.95 e[]; e[]$\T1/lmr/m/n/1
0.95 )
 []

<files/Odometry.png, id=438, 498.86375pt x 440.64626pt>
File: files/Odometry.png Graphic file (type png)

<use files/Odometry.png>
Package pdftex.def Info: files/Odometry.png used on input line 83.
(pdftex.def)             Requested size: 338.58632pt x 299.08414pt.
) [12 <./files/trajectory.png>] [13 <./files/Odometry.png>]
\openout2 = `audio.aux'.

 (./audio.tex
<files/sweep_spectrogram.png, id=464, 763.85374pt x 344.28625pt>
File: files/sweep_spectrogram.png Graphic file (type png)

<use files/sweep_spectrogram.png>
Package pdftex.def Info: files/sweep_spectrogram.png used on input line 24.
(pdftex.def)             Requested size: 338.58632pt x 152.60538pt.

<files/sweep_fft.png, id=465, 578.16pt x 433.62pt>
File: files/sweep_fft.png Graphic file (type png)
 <use files/sweep_fft.png>
Package pdftex.def Info: files/sweep_fft.png used on input line 30.
(pdftex.def)             Requested size: 237.01411pt x 177.75888pt.

<files/sweep_start.png, id=466, 578.16pt x 433.62pt>
File: files/sweep_start.png Graphic file (type png)

<use files/sweep_start.png>
Package pdftex.def Info: files/sweep_start.png used on input line 36.
(pdftex.def)             Requested size: 237.01411pt x 177.75888pt.
 [14


 <./files/sweep_spectrogram.png> <./files/sweep_fft.png> <./files/sweep_start.p
ng>]
<files/random_hist.png, id=479, 578.16pt x 433.62pt>
File: files/random_hist.png Graphic file (type png)

<use files/random_hist.png>
Package pdftex.def Info: files/random_hist.png used on input line 69.
(pdftex.def)             Requested size: 237.01411pt x 177.75888pt.

<files/random_fft.png, id=480, 578.16pt x 433.62pt>
File: files/random_fft.png Graphic file (type png)
 <use files/random_fft.png>
Package pdftex.def Info: files/random_fft.png used on input line 75.
(pdftex.def)             Requested size: 237.01411pt x 177.75888pt.

<files/random_M1000.png, id=481, 578.16pt x 433.62pt>
File: files/random_M1000.png Graphic file (type png)

<use files/random_M1000.png>
Package pdftex.def Info: files/random_M1000.png used on input line 81.
(pdftex.def)             Requested size: 237.01411pt x 177.75888pt.

<files/audio_ruy.png, id=482, 578.16pt x 433.62pt>
File: files/audio_ruy.png Graphic file (type png)
 <use files/audio_ruy.png>
Package pdftex.def Info: files/audio_ruy.png used on input line 86.
(pdftex.def)             Requested size: 237.01411pt x 177.75888pt.

[15 <./files/random_hist.png> <./files/random_fft.png> <./files/random_M1000.pn
g> <./files/audio_ruy.png>]
<files/0_1_RIR_zoom2.png, id=495, 578.16pt x 433.62pt>
File: files/0_1_RIR_zoom2.png Graphic file (type png)

<use files/0_1_RIR_zoom2.png>
Package pdftex.def Info: files/0_1_RIR_zoom2.png used on input line 132.
(pdftex.def)             Requested size: 237.01411pt x 177.75888pt.

<files/0_1_RIR_zoom3.png, id=496, 578.16pt x 433.62pt>
File: files/0_1_RIR_zoom3.png Graphic file (type png)

<use files/0_1_RIR_zoom3.png>
Package pdftex.def Info: files/0_1_RIR_zoom3.png used on input line 136.
(pdftex.def)             Requested size: 237.01411pt x 177.75888pt.
 [16 <./files/0_1_RIR_zoom2.png> <./files/0_1_RIR_zoom3.png>] <files/notchY.png
, id=510, 433.62pt x 578.16pt>
File: files/notchY.png Graphic file (type png)

<use files/notchY.png>
Package pdftex.def Info: files/notchY.png used on input line 148.
(pdftex.def)             Requested size: 241.84843pt x 322.47055pt.
) [17 <./files/notchY.png>]
\openout2 = `visual.aux'.

 (./visual.tex
<files/Visual.png, id=524, 583.4598pt x 148.8762pt>
File: files/Visual.png Graphic file (type png)
 <use files/Visual.png>
Package pdftex.def Info: files/Visual.png used on input line 11.
(pdftex.def)             Requested size: 338.58632pt x 86.39595pt.

(./intrinsic.tex <files/output145_1.jpg, id=532, 1284.8pt x 722.7pt>
File: files/output145_1.jpg Graphic file (type jpg)

<use files/output145_1.jpg>
Package pdftex.def Info: files/output145_1.jpg used on input line 36.
(pdftex.def)             Requested size: 96.73788pt x 54.40968pt.

<files/output145_2.jpg, id=533, 1284.8pt x 722.7pt>
File: files/output145_2.jpg Graphic file (type jpg)

<use files/output145_2.jpg>
Package pdftex.def Info: files/output145_2.jpg used on input line 39.
(pdftex.def)             Requested size: 96.73788pt x 54.40968pt.

<files/output145_3.jpg, id=534, 1284.8pt x 722.7pt>
File: files/output145_3.jpg Graphic file (type jpg)

<use files/output145_3.jpg>
Package pdftex.def Info: files/output145_3.jpg used on input line 42.
(pdftex.def)             Requested size: 96.73788pt x 54.40968pt.

<files/output145_4.jpg, id=535, 1284.8pt x 722.7pt>
File: files/output145_4.jpg Graphic file (type jpg)

<use files/output145_4.jpg>
Package pdftex.def Info: files/output145_4.jpg used on input line 45.
(pdftex.def)             Requested size: 96.73788pt x 54.40968pt.

<files/output145_5.jpg, id=536, 1284.8pt x 722.7pt>
File: files/output145_5.jpg Graphic file (type jpg)

<use files/output145_5.jpg>
Package pdftex.def Info: files/output145_5.jpg used on input line 48.
(pdftex.def)             Requested size: 96.73788pt x 54.40968pt.

<files/output145_6.jpg, id=537, 1284.8pt x 722.7pt>
File: files/output145_6.jpg Graphic file (type jpg)

<use files/output145_6.jpg>
Package pdftex.def Info: files/output145_6.jpg used on input line 51.
(pdftex.def)             Requested size: 96.73788pt x 54.40968pt.

<files/output145_7.jpg, id=538, 1284.8pt x 722.7pt>
File: files/output145_7.jpg Graphic file (type jpg)

<use files/output145_7.jpg>
Package pdftex.def Info: files/output145_7.jpg used on input line 54.
(pdftex.def)             Requested size: 96.73788pt x 54.40968pt.

<files/output145_8.jpg, id=539, 1284.8pt x 722.7pt>
File: files/output145_8.jpg Graphic file (type jpg)

<use files/output145_8.jpg>
Package pdftex.def Info: files/output145_8.jpg used on input line 57.
(pdftex.def)             Requested size: 96.73788pt x 54.40968pt.
 [18


 <./files/Visual.png>]) (./imageprocessing.tex
<files/_img_h139.png, id=554, 578.16pt x 433.62pt>
File: files/_img_h139.png Graphic file (type png)
 <use files/_img_h139.png>
Package pdftex.def Info: files/_img_h139.png used on input line 10.
(pdftex.def)             Requested size: 237.01411pt x 177.75888pt.

<files/_img_s139.png, id=555, 578.16pt x 433.62pt>
File: files/_img_s139.png Graphic file (type png)
 <use files/_img_s139.png>
Package pdftex.def Info: files/_img_s139.png used on input line 16.
(pdftex.def)             Requested size: 237.01411pt x 177.75888pt.

[19 <./files/output145_1.jpg> <./files/output145_2.jpg> <./files/output145_3.jp
g> <./files/output145_4.jpg> <./files/output145_5.jpg> <./files/output145_6.jpg
> <./files/output145_7.jpg> <./files/output145_8.jpg> <./files/_img_h139.png> <
./files/_img_s139.png>] <files/_img139_cvt.png, id=569, 803.0pt x 602.25pt>
File: files/_img139_cvt.png Graphic file (type png)

<use files/_img139_cvt.png>
Package pdftex.def Info: files/_img139_cvt.png used on input line 41.
(pdftex.def)             Requested size: 237.01411pt x 177.76329pt.

<files/_img_org139.png, id=570, 578.16pt x 433.62pt>
File: files/_img_org139.png Graphic file (type png)

<use files/_img_org139.png>
Package pdftex.def Info: files/_img_org139.png used on input line 47.
(pdftex.def)             Requested size: 237.01411pt x 177.75888pt.

<files/_circ_org139.png, id=573, 578.16pt x 433.62pt>
File: files/_circ_org139.png Graphic file (type png)

<use files/_circ_org139.png>
Package pdftex.def Info: files/_circ_org139.png used on input line 64.
(pdftex.def)             Requested size: 237.01411pt x 177.75888pt.

<files/_circ_red139.png, id=574, 578.16pt x 433.62pt>
File: files/_circ_red139.png Graphic file (type png)

<use files/_circ_red139.png>
Package pdftex.def Info: files/_circ_red139.png used on input line 70.
(pdftex.def)             Requested size: 237.01411pt x 177.75888pt.
) (./extrinsic.tex
Underfull \vbox (badness 10000) has occurred while \output is active []

 [20 <./files/_img139_cvt.png (PNG copy)> <./files/_img_org139.png> <./files/_c
irc_org139.png> <./files/_circ_red139.png>]
<files/ref_points.png, id=585, 706.64pt x 419.5675pt>
File: files/ref_points.png Graphic file (type png)

<use files/ref_points.png>
Package pdftex.def Info: files/ref_points.png used on input line 26.
(pdftex.def)             Requested size: 239.51044pt x 142.20992pt.

Overfull \hbox (2.49632pt too wide) in paragraph at lines 26--27
 [][] 
 []

<files/ref_checkerboard.png, id=586, 681.54625pt x 429.605pt>
File: files/ref_checkerboard.png Graphic file (type png)

<use files/ref_checkerboard.png>
Package pdftex.def Info: files/ref_checkerboard.png used on input line 32.
(pdftex.def)             Requested size: 225.60773pt x 142.20992pt.
 [21 <./files/ref_points.png> <./files/ref_checkerboard.png>]) (./triangulation
.tex [22]) [23] (./performance.tex
<files/res0_combi_4.png, id=635, 578.16pt x 433.62pt>
File: files/res0_combi_4.png Graphic file (type png)

<use files/res0_combi_4.png>
Package pdftex.def Info: files/res0_combi_4.png used on input line 18.
(pdftex.def)             Requested size: 386.95897pt x 290.21953pt.
)) [24 <./files/res0_combi_4.png>]
\openout2 = `results.aux'.

 (./results.tex
<files/res0_img139.png, id=648, 578.16pt x 433.62pt>
File: files/res0_img139.png Graphic file (type png)

<use files/res0_img139.png>
Package pdftex.def Info: files/res0_img139.png used on input line 18.
(pdftex.def)             Requested size: 237.01411pt x 177.75888pt.

<files/res0_img141.png, id=649, 578.16pt x 433.62pt>
File: files/res0_img141.png Graphic file (type png)

<use files/res0_img141.png>
Package pdftex.def Info: files/res0_img141.png used on input line 23.
(pdftex.def)             Requested size: 237.01411pt x 177.75888pt.

<files/res1_img141.png, id=651, 803.0pt x 602.25pt>
File: files/res1_img141.png Graphic file (type png)

<use files/res1_img141.png>
Package pdftex.def Info: files/res1_img141.png used on input line 38.
(pdftex.def)             Requested size: 290.22107pt x 217.67365pt.
 <files/res1_room.png, id=654, 578.16pt x 433.62pt>
File: files/res1_room.png Graphic file (type png)

<use files/res1_room.png>
Package pdftex.def Info: files/res1_room.png used on input line 48.
(pdftex.def)             Requested size: 386.95897pt x 290.21953pt.
 <files/res1_img145.png, id=657, 578.16pt x 433.62pt>
File: files/res1_img145.png Graphic file (type png)

<use files/res1_img145.png>
Package pdftex.def Info: files/res1_img145.png used on input line 62.
(pdftex.def)             Requested size: 237.01411pt x 177.75888pt.

<files/res1_combi_4.png, id=658, 578.16pt x 433.62pt>
File: files/res1_combi_4.png Graphic file (type png)

<use files/res1_combi_4.png>
Package pdftex.def Info: files/res1_combi_4.png used on input line 68.
(pdftex.def)             Requested size: 237.01411pt x 177.75888pt.

<files/res2_image_143.png, id=661, 925.056pt x 520.344pt>
File: files/res2_image_143.png Graphic file (type png)

<use files/res2_image_143.png>
Package pdftex.def Info: files/res2_image_143.png used on input line 87.
(pdftex.def)             Requested size: 237.01411pt x 133.31717pt.

<files/res2_output_143.jpg, id=662, 1284.8pt x 722.7pt>
File: files/res2_output_143.jpg Graphic file (type jpg)

<use files/res2_output_143.jpg>
Package pdftex.def Info: files/res2_output_143.jpg used on input line 93.
(pdftex.def)             Requested size: 237.01411pt x 133.31143pt.

<files/res2_0_image_141.png, id=664, 925.056pt x 520.344pt>
File: files/res2_0_image_141.png Graphic file (type png)

<use files/res2_0_image_141.png>
Package pdftex.def Info: files/res2_0_image_141.png used on input line 108.
(pdftex.def)             Requested size: 237.01411pt x 133.31717pt.

<files/res2_combi_rob.png, id=665, 578.16pt x 433.62pt>
File: files/res2_combi_rob.png Graphic file (type png)

<use files/res2_combi_rob.png>
Package pdftex.def Info: files/res2_combi_rob.png used on input line 114.
(pdftex.def)             Requested size: 237.01411pt x 177.75888pt.

<files/res2_room.png, id=668, 578.16pt x 433.62pt>
File: files/res2_room.png Graphic file (type png)
 <use files/res2_room.png>
Package pdftex.def Info: files/res2_room.png used on input line 144.
(pdftex.def)             Requested size: 290.22107pt x 217.663pt.

<files/res3_best_err.png, id=669, 864.22874pt x 420.57124pt>
File: files/res3_best_err.png Graphic file (type png)

<use files/res3_best_err.png>
Package pdftex.def Info: files/res3_best_err.png used on input line 158.
(pdftex.def)             Requested size: 338.58632pt x 164.76654pt.

<files/res3_all_err.png, id=670, 722.7pt x 361.35pt>
File: files/res3_all_err.png Graphic file (type png)

<use files/res3_all_err.png>
Package pdftex.def Info: files/res3_all_err.png used on input line 164.
(pdftex.def)             Requested size: 386.95897pt x 193.47748pt.
 [25


] [26 <./files/res0_img139.png> <./files/res0_img141.png> <./files/res1_img141.
png (PNG copy)>] [27 <./files/res1_room.png> <./files/res1_img145.png> <./files
/res1_combi_4.png>] [28 <./files/res2_image_143.png> <./files/res2_output_143.j
pg> <./files/res2_0_image_141.png> <./files/res2_combi_rob.png> <./files/res2_r
oom.png>]
<files/res3_err3.png, id=697, 578.16pt x 433.62pt>
File: files/res3_err3.png Graphic file (type png)
 <use files/res3_err3.png>
Package pdftex.def Info: files/res3_err3.png used on input line 175.
(pdftex.def)             Requested size: 237.01411pt x 177.75888pt.

<files/res3_err8.png, id=698, 578.16pt x 433.62pt>
File: files/res3_err8.png Graphic file (type png)
 <use files/res3_err8.png>
Package pdftex.def Info: files/res3_err8.png used on input line 180.
(pdftex.def)             Requested size: 237.01411pt x 177.75888pt.

Underfull \vbox (badness 2269) has occurred while \output is active []

 [29 <./files/res3_best_err.png> <./files/res3_all_err.png>]
<files/res3_all_room2.png, id=712, 609.9588pt x 542.025pt>
File: files/res3_all_room2.png Graphic file (type png)

<use files/res3_all_room2.png>
Package pdftex.def Info: files/res3_all_room2.png used on input line 227.
(pdftex.def)             Requested size: 386.95897pt x 343.86775pt.
 (./results_audio.tex
<files/1_1_filt_zoom2.png, id=717, 578.16pt x 433.62pt>
File: files/1_1_filt_zoom2.png Graphic file (type png)

<use files/1_1_filt_zoom2.png>
Package pdftex.def Info: files/1_1_filt_zoom2.png used on input line 17.
(pdftex.def)             Requested size: 237.01411pt x 177.75888pt.

<files/2_1_filt_zoom2.png, id=718, 578.16pt x 433.62pt>
File: files/2_1_filt_zoom2.png Graphic file (type png)

<use files/2_1_filt_zoom2.png>
Package pdftex.def Info: files/2_1_filt_zoom2.png used on input line 23.
(pdftex.def)             Requested size: 237.01411pt x 177.75888pt.

<files/7_1_filt_zoom2.png, id=719, 578.16pt x 433.62pt>
File: files/7_1_filt_zoom2.png Graphic file (type png)

<use files/7_1_filt_zoom2.png>
Package pdftex.def Info: files/7_1_filt_zoom2.png used on input line 29.
(pdftex.def)             Requested size: 237.01411pt x 177.75888pt.

<files/8_1_filt_zoom2.png, id=720, 578.16pt x 433.62pt>
File: files/8_1_filt_zoom2.png Graphic file (type png)

<use files/8_1_filt_zoom2.png>
Package pdftex.def Info: files/8_1_filt_zoom2.png used on input line 35.
(pdftex.def)             Requested size: 237.01411pt x 177.75888pt.
)) [30 <./files/res3_err3.png> <./files/res3_err8.png>] [31 <./files/res3_all_r
oom2.png>] [32 <./files/1_1_filt_zoom2.png> <./files/2_1_filt_zoom2.png> <./fil
es/7_1_filt_zoom2.png> <./files/8_1_filt_zoom2.png>]
\openout2 = `learning.aux'.

 (./learning.tex) [33


]
\openout2 = `conclusion.aux'.

 (./conclusion.tex) [34


] (./report.bbl
Underfull \hbox (badness 2035) in paragraph at lines 46--49
[]\T1/lmr/m/sc/10.95 OpenCV\T1/lmr/m/n/10.95 , \T1/lmr/m/it/10.95 Cam-era Cal-i
-bra-tion and 3D Re-con-struc-tion\T1/lmr/m/n/10.95 .  []$\T1/lmtt/m/n/10.95 ht
tp : / / docs . opencv . org / 2 . 4 /
 []


Underfull \hbox (badness 10000) in paragraph at lines 59--61
[]\T1/lmr/m/sc/10.95 Wikipedia\T1/lmr/m/n/10.95 , \T1/lmr/m/it/10.95 Lev-en-ber
g - Mar-quardt al-go-rithm\T1/lmr/m/n/10.95 .  []$\T1/lmtt/m/n/10.95 https : / 
/ en . wikipedia . org / wiki /
 []

)
Package atveryend Info: Empty hook `BeforeClearDocument' on input line 43.
 [35

]
Package atveryend Info: Empty hook `AfterLastShipout' on input line 43.
 (./report.aux (./acknowledgments.aux) (./introduction.aux)
(./experiment.aux) (./movement.aux) (./audio.aux) (./visual.aux) (./results.aux
) (./learning.aux) (./conclusion.aux))
Package atveryend Info: Executing hook `AtVeryEndDocument' on input line 43.
Package atveryend Info: Executing hook `AtEndAfterFileList' on input line 43.
Package rerunfilecheck Info: File `report.out' has not changed.
(rerunfilecheck)             Checksum: 1821A8D39232D78300F0F85569F3FF2F;2164.
Package atveryend Info: Empty hook `AtVeryVeryEnd' on input line 43.
 ) 
Here is how much of TeX's memory you used:
 20834 strings out of 493488
 376003 string characters out of 3141326
 600885 words of memory out of 3000000
 23381 multiletter control sequences out of 15000+200000
 128621 words of font info for 100 fonts, out of 3000000 for 9000
 957 hyphenation exceptions out of 8191
 49i,14n,45p,713b,1403s stack positions out of 5000i,500n,10000p,200000b,50000s
{/usr/local/texlive/2012/texmf-dist/fonts/enc/dvips/lm/lm-mathit.enc}{/usr/lo
cal/texlive/2012/texmf-dist/fonts/enc/dvips/lm/lm-rm.enc}{/usr/local/texlive/20
12/texmf-dist/fonts/enc/dvips/lm/lm-ec.enc}{/usr/local/texlive/2012/texmf-dist/
fonts/enc/dvips/lm/lm-mathex.enc}{/usr/local/texlive/2012/texmf-dist/fonts/enc/
dvips/lm/lm-mathsy.enc}{/usr/local/texlive/2012/texmf-dist/fonts/enc/dvips/base
/8r.enc}{/usr/local/texlive/2012/texmf-dist/fonts/enc/dvips/lm/lm-ts1.enc}</usr
/local/texlive/2012/texmf-dist/fonts/type1/public/lm/lmbx10.pfb></usr/local/tex
live/2012/texmf-dist/fonts/type1/public/lm/lmbx12.pfb></usr/local/texlive/2012/
texmf-dist/fonts/type1/public/lm/lmbx8.pfb></usr/local/texlive/2012/texmf-dist/
fonts/type1/public/lm/lmbxi10.pfb></usr/local/texlive/2012/texmf-dist/fonts/typ
e1/public/lm/lmcsc10.pfb></usr/local/texlive/2012/texmf-dist/fonts/type1/public
/lm/lmex10.pfb></usr/local/texlive/2012/texmf-dist/fonts/type1/public/lm/lmmi10
.pfb></usr/local/texlive/2012/texmf-dist/fonts/type1/public/lm/lmmi6.pfb></usr/
local/texlive/2012/texmf-dist/fonts/type1/public/lm/lmmi8.pfb></usr/local/texli
ve/2012/texmf-dist/fonts/type1/public/lm/lmmi9.pfb></usr/local/texlive/2012/tex
mf-dist/fonts/type1/public/lm/lmmib10.pfb></usr/local/texlive/2012/texmf-dist/f
onts/type1/public/lm/lmr10.pfb></usr/local/texlive/2012/texmf-dist/fonts/type1/
public/lm/lmr12.pfb></usr/local/texlive/2012/texmf-dist/fonts/type1/public/lm/l
mr17.pfb></usr/local/texlive/2012/texmf-dist/fonts/type1/public/lm/lmr6.pfb></u
sr/local/texlive/2012/texmf-dist/fonts/type1/public/lm/lmr8.pfb></usr/local/tex
live/2012/texmf-dist/fonts/type1/public/lm/lmr9.pfb></usr/local/texlive/2012/te
xmf-dist/fonts/type1/public/lm/lmri10.pfb></usr/local/texlive/2012/texmf-dist/f
onts/type1/public/lm/lmri9.pfb></usr/local/texlive/2012/texmf-dist/fonts/type1/
public/lm/lmro10.pfb></usr/local/texlive/2012/texmf-dist/fonts/type1/public/lm/
lmsy10.pfb></usr/local/texlive/2012/texmf-dist/fonts/type1/public/lm/lmsy8.pfb>
</usr/local/texlive/2012/texmf-dist/fonts/type1/public/lm/lmsy9.pfb></usr/local
/texlive/2012/texmf-dist/fonts/type1/public/lm/lmtt10.pfb></usr/local/texlive/2
012/texmf-dist/fonts/type1/public/lm/lmtti10.pfb></usr/local/texlive/2012/texmf
-dist/fonts/type1/urw/courier/ucrr8a.pfb>
Output written on report.pdf (35 pages, 15031492 bytes).
PDF statistics:
 912 PDF objects out of 1000 (max. 8388607)
 735 compressed objects within 8 object streams
 230 named destinations out of 1000 (max. 500000)
 565 words of extra memory for PDF output out of 10000 (max. 10000000)

